This file contains any messages produced by compilers while
running configure, to aid debugging if configure makes a mistake.

It was created by configure, which was
generated by GNU Autoconf 2.59.  Invocation command line was

  $ ./configure --enable-so

## --------- ##
## Platform. ##
## --------- ##

hostname = 0ebddb862f21
uname -m = x86_64
uname -r = 4.15.0-66-generic
uname -s = Linux
uname -v = #75-Ubuntu SMP Tue Oct 1 05:24:09 UTC 2019

/usr/bin/uname -p = unknown
/bin/uname -X     = unknown

/bin/arch              = unknown
/usr/bin/arch -k       = unknown
/usr/convex/getsysinfo = unknown
hostinfo               = unknown
/bin/machine           = unknown
/usr/bin/oslevel       = unknown
/bin/universe          = unknown

PATH: /usr/local/sbin
PATH: /usr/local/bin
PATH: /usr/sbin
PATH: /usr/bin
PATH: /sbin
PATH: /bin


## ----------- ##
## Core tests. ##
## ----------- ##

configure:1657: checking for chosen layout
configure:1659: result: Apache
configure:2455: checking for working mkdir -p
configure:2471: result: yes
configure:2488: checking build system type
configure:2506: result: x86_64-unknown-linux-gnu
configure:2514: checking host system type
configure:2528: result: x86_64-unknown-linux-gnu
configure:2536: checking target system type
configure:2550: result: x86_64-unknown-linux-gnu
configure:2608: checking for APR
configure:2690: result: reconfig
configure:2944: checking for APR-util
configure:3026: result: reconfig
configure:3251: checking for gcc
configure:3277: result: gcc
configure:3521: checking for C compiler version
configure:3524: gcc --version </dev/null >&5
gcc (Debian 4.7.2-5) 4.7.2
Copyright (C) 2012 Free Software Foundation, Inc.
This is free software; see the source for copying conditions.  There is NO
warranty; not even for MERCHANTABILITY or FITNESS FOR A PARTICULAR PURPOSE.

configure:3527: $? = 0
configure:3529: gcc -v </dev/null >&5
Using built-in specs.
COLLECT_GCC=gcc
COLLECT_LTO_WRAPPER=/usr/lib/gcc/x86_64-linux-gnu/4.7/lto-wrapper
Target: x86_64-linux-gnu
Configured with: ../src/configure -v --with-pkgversion='Debian 4.7.2-5' --with-bugurl=file:///usr/share/doc/gcc-4.7/README.Bugs --enable-languages=c,c++,go,fortran,objc,obj-c++ --prefix=/usr --program-suffix=-4.7 --enable-shared --enable-linker-build-id --with-system-zlib --libexecdir=/usr/lib --without-included-gettext --enable-threads=posix --with-gxx-include-dir=/usr/include/c++/4.7 --libdir=/usr/lib --enable-nls --with-sysroot=/ --enable-clocale=gnu --enable-libstdcxx-debug --enable-libstdcxx-time=yes --enable-gnu-unique-object --enable-plugin --enable-objc-gc --with-arch-32=i586 --with-tune=generic --enable-checking=release --build=x86_64-linux-gnu --host=x86_64-linux-gnu --target=x86_64-linux-gnu
Thread model: posix
gcc version 4.7.2 (Debian 4.7.2-5) 
configure:3532: $? = 0
configure:3534: gcc -V </dev/null >&5
gcc: error: unrecognized command line option '-V'
gcc: fatal error: no input files
compilation terminated.
configure:3537: $? = 4
configure:3560: checking for C compiler default output file name
configure:3563: gcc  -g -O2 -pthread  -D_REENTRANT -D_GNU_SOURCE   -L/var/www/httpd-2.2.3/srclib/apr-util/xml/expat/lib conftest.c  >&5
configure:3566: $? = 0
configure:3612: result: a.out
configure:3617: checking whether the C compiler works
configure:3623: ./a.out
configure:3626: $? = 0
configure:3643: result: yes
configure:3650: checking whether we are cross compiling
configure:3652: result: no
configure:3655: checking for suffix of executables
configure:3657: gcc -o conftest  -g -O2 -pthread  -D_REENTRANT -D_GNU_SOURCE   -L/var/www/httpd-2.2.3/srclib/apr-util/xml/expat/lib conftest.c  >&5
configure:3660: $? = 0
configure:3685: result: 
configure:3691: checking for suffix of object files
configure:3712: gcc -c  -g -O2 -pthread  -D_REENTRANT -D_GNU_SOURCE conftest.c >&5
configure:3715: $? = 0
configure:3737: result: o
configure:3741: checking whether we are using the GNU C compiler
configure:3765: gcc -c  -g -O2 -pthread  -D_REENTRANT -D_GNU_SOURCE conftest.c >&5
configure:3771: $? = 0
configure:3775: test -z 
			 || test ! -s conftest.err
configure:3778: $? = 0
configure:3781: test -s conftest.o
configure:3784: $? = 0
configure:3797: result: yes
configure:3803: checking whether gcc accepts -g
configure:3824: gcc -c -g  -D_REENTRANT -D_GNU_SOURCE conftest.c >&5
configure:3830: $? = 0
configure:3834: test -z 
			 || test ! -s conftest.err
configure:3837: $? = 0
configure:3840: test -s conftest.o
configure:3843: $? = 0
configure:3854: result: yes
configure:3871: checking for gcc option to accept ANSI C
configure:3941: gcc  -c  -g -O2 -pthread  -D_REENTRANT -D_GNU_SOURCE conftest.c >&5
configure:3947: $? = 0
configure:3951: test -z 
			 || test ! -s conftest.err
configure:3954: $? = 0
configure:3957: test -s conftest.o
configure:3960: $? = 0
configure:3978: result: none needed
configure:3996: gcc -c  -g -O2 -pthread  -D_REENTRANT -D_GNU_SOURCE conftest.c >&5
conftest.c:2:3: error: unknown type name 'choke'
conftest.c:2:3: error: expected '=', ',', ';', 'asm' or '__attribute__' at end of input
configure:4002: $? = 1
configure: failed program was:
| #ifndef __cplusplus
|   choke me
| #endif
configure:4140: checking how to run the C preprocessor
configure:4258: result: gcc -E
configure:4282: gcc -E  -D_REENTRANT -D_GNU_SOURCE conftest.c
configure:4288: $? = 0
configure:4320: gcc -E  -D_REENTRANT -D_GNU_SOURCE conftest.c
conftest.c:9:28: fatal error: ac_nonexistent.h: No such file or directory
compilation terminated.
configure:4326: $? = 1
configure: failed program was:
| /* confdefs.h.  */
| 
| #define PACKAGE_NAME ""
| #define PACKAGE_TARNAME ""
| #define PACKAGE_VERSION ""
| #define PACKAGE_STRING ""
| #define PACKAGE_BUGREPORT ""
| /* end confdefs.h.  */
| #include <ac_nonexistent.h>
configure:4489: Configuring PCRE regular expression library
configure:4913: checking for rm
configure:4931: found /bin/rm
configure:4943: result: /bin/rm
configure:4952: checking for pkg-config
configure:4985: result: no
configure:4991: checking for rsync
configure:5024: result: no
configure:5032: checking for gawk
configure:5061: result: no
configure:5032: checking for mawk
configure:5048: found /usr/bin/mawk
configure:5058: result: mawk
configure:5068: checking whether ln -s works
configure:5072: result: yes
configure:5120: checking for ranlib
configure:5136: found /usr/bin/ranlib
configure:5147: result: ranlib
configure:5163: checking for lynx
configure:5192: result: no
configure:5163: checking for links
configure:5192: result: no
configure:5163: checking for elinks
configure:5192: result: no
configure:5215: checking for egrep
configure:5225: result: grep -E
configure:5231: checking for AIX
configure:5253: result: no
configure:5259: checking for library containing strerror
configure:5289: gcc -o conftest  -g -O2 -pthread  -D_REENTRANT -D_GNU_SOURCE   -L/var/www/httpd-2.2.3/srclib/apr-util/xml/expat/lib conftest.c  >&5
configure:5295: $? = 0
configure:5299: test -z 
			 || test ! -s conftest.err
configure:5302: $? = 0
configure:5305: test -s conftest
configure:5308: $? = 0
configure:5378: result: none required
configure:5385: checking for ANSI C header files
configure:5410: gcc -c  -g -O2 -pthread  -D_REENTRANT -D_GNU_SOURCE conftest.c >&5
configure:5416: $? = 0
configure:5420: test -z 
			 || test ! -s conftest.err
configure:5423: $? = 0
configure:5426: test -s conftest.o
configure:5429: $? = 0
configure:5518: gcc -o conftest  -g -O2 -pthread  -D_REENTRANT -D_GNU_SOURCE   -L/var/www/httpd-2.2.3/srclib/apr-util/xml/expat/lib conftest.c  >&5
conftest.c: In function 'main':
conftest.c:26:7: warning: incompatible implicit declaration of built-in function 'exit' [enabled by default]
configure:5521: $? = 0
configure:5523: ./conftest
configure:5526: $? = 0
configure:5541: result: yes
configure:5565: checking for sys/types.h
configure:5581: gcc -c  -g -O2 -pthread  -D_REENTRANT -D_GNU_SOURCE conftest.c >&5
configure:5587: $? = 0
configure:5591: test -z 
			 || test ! -s conftest.err
configure:5594: $? = 0
configure:5597: test -s conftest.o
configure:5600: $? = 0
configure:5611: result: yes
configure:5565: checking for sys/stat.h
configure:5581: gcc -c  -g -O2 -pthread  -D_REENTRANT -D_GNU_SOURCE conftest.c >&5
configure:5587: $? = 0
configure:5591: test -z 
			 || test ! -s conftest.err
configure:5594: $? = 0
configure:5597: test -s conftest.o
configure:5600: $? = 0
configure:5611: result: yes
configure:5565: checking for stdlib.h
configure:5581: gcc -c  -g -O2 -pthread  -D_REENTRANT -D_GNU_SOURCE conftest.c >&5
configure:5587: $? = 0
configure:5591: test -z 
			 || test ! -s conftest.err
configure:5594: $? = 0
configure:5597: test -s conftest.o
configure:5600: $? = 0
configure:5611: result: yes
configure:5565: checking for string.h
configure:5581: gcc -c  -g -O2 -pthread  -D_REENTRANT -D_GNU_SOURCE conftest.c >&5
configure:5587: $? = 0
configure:5591: test -z 
			 || test ! -s conftest.err
configure:5594: $? = 0
configure:5597: test -s conftest.o
configure:5600: $? = 0
configure:5611: result: yes
configure:5565: checking for memory.h
configure:5581: gcc -c  -g -O2 -pthread  -D_REENTRANT -D_GNU_SOURCE conftest.c >&5
configure:5587: $? = 0
configure:5591: test -z 
			 || test ! -s conftest.err
configure:5594: $? = 0
configure:5597: test -s conftest.o
configure:5600: $? = 0
configure:5611: result: yes
configure:5565: checking for strings.h
configure:5581: gcc -c  -g -O2 -pthread  -D_REENTRANT -D_GNU_SOURCE conftest.c >&5
configure:5587: $? = 0
configure:5591: test -z 
			 || test ! -s conftest.err
configure:5594: $? = 0
configure:5597: test -s conftest.o
configure:5600: $? = 0
configure:5611: result: yes
configure:5565: checking for inttypes.h
configure:5581: gcc -c  -g -O2 -pthread  -D_REENTRANT -D_GNU_SOURCE conftest.c >&5
configure:5587: $? = 0
configure:5591: test -z 
			 || test ! -s conftest.err
configure:5594: $? = 0
configure:5597: test -s conftest.o
configure:5600: $? = 0
configure:5611: result: yes
configure:5565: checking for stdint.h
configure:5581: gcc -c  -g -O2 -pthread  -D_REENTRANT -D_GNU_SOURCE conftest.c >&5
configure:5587: $? = 0
configure:5591: test -z 
			 || test ! -s conftest.err
configure:5594: $? = 0
configure:5597: test -s conftest.o
configure:5600: $? = 0
configure:5611: result: yes
configure:5565: checking for unistd.h
configure:5581: gcc -c  -g -O2 -pthread  -D_REENTRANT -D_GNU_SOURCE conftest.c >&5
configure:5587: $? = 0
configure:5591: test -z 
			 || test ! -s conftest.err
configure:5594: $? = 0
configure:5597: test -s conftest.o
configure:5600: $? = 0
configure:5611: result: yes
configure:5633: checking minix/config.h usability
configure:5645: gcc -c  -g -O2 -pthread  -D_REENTRANT -D_GNU_SOURCE conftest.c >&5
conftest.c:53:26: fatal error: minix/config.h: No such file or directory
compilation terminated.
configure:5651: $? = 1
configure: failed program was:
| /* confdefs.h.  */
| 
| #define PACKAGE_NAME ""
| #define PACKAGE_TARNAME ""
| #define PACKAGE_VERSION ""
| #define PACKAGE_STRING ""
| #define PACKAGE_BUGREPORT ""
| #define STDC_HEADERS 1
| #define HAVE_SYS_TYPES_H 1
| #define HAVE_SYS_STAT_H 1
| #define HAVE_STDLIB_H 1
| #define HAVE_STRING_H 1
| #define HAVE_MEMORY_H 1
| #define HAVE_STRINGS_H 1
| #define HAVE_INTTYPES_H 1
| #define HAVE_STDINT_H 1
| #define HAVE_UNISTD_H 1
| /* end confdefs.h.  */
| #include <stdio.h>
| #if HAVE_SYS_TYPES_H
| # include <sys/types.h>
| #endif
| #if HAVE_SYS_STAT_H
| # include <sys/stat.h>
| #endif
| #if STDC_HEADERS
| # include <stdlib.h>
| # include <stddef.h>
| #else
| # if HAVE_STDLIB_H
| #  include <stdlib.h>
| # endif
| #endif
| #if HAVE_STRING_H
| # if !STDC_HEADERS && HAVE_MEMORY_H
| #  include <memory.h>
| # endif
| # include <string.h>
| #endif
| #if HAVE_STRINGS_H
| # include <strings.h>
| #endif
| #if HAVE_INTTYPES_H
| # include <inttypes.h>
| #else
| # if HAVE_STDINT_H
| #  include <stdint.h>
| # endif
| #endif
| #if HAVE_UNISTD_H
| # include <unistd.h>
| #endif
| #include <minix/config.h>
configure:5674: result: no
configure:5678: checking minix/config.h presence
configure:5688: gcc -E  -D_REENTRANT -D_GNU_SOURCE conftest.c
conftest.c:19:26: fatal error: minix/config.h: No such file or directory
compilation terminated.
configure:5694: $? = 1
configure: failed program was:
| /* confdefs.h.  */
| 
| #define PACKAGE_NAME ""
| #define PACKAGE_TARNAME ""
| #define PACKAGE_VERSION ""
| #define PACKAGE_STRING ""
| #define PACKAGE_BUGREPORT ""
| #define STDC_HEADERS 1
| #define HAVE_SYS_TYPES_H 1
| #define HAVE_SYS_STAT_H 1
| #define HAVE_STDLIB_H 1
| #define HAVE_STRING_H 1
| #define HAVE_MEMORY_H 1
| #define HAVE_STRINGS_H 1
| #define HAVE_INTTYPES_H 1
| #define HAVE_STDINT_H 1
| #define HAVE_UNISTD_H 1
| /* end confdefs.h.  */
| #include <minix/config.h>
configure:5714: result: no
configure:5749: checking for minix/config.h
configure:5756: result: no
configure:5938: checking for ANSI C header files
configure:6094: result: yes
configure:6129: checking for string.h
configure:6134: result: yes
configure:6138: checking limits.h usability
configure:6150: gcc -c  -g -O2 -pthread  -D_REENTRANT -D_GNU_SOURCE conftest.c >&5
configure:6156: $? = 0
configure:6160: test -z 
			 || test ! -s conftest.err
configure:6163: $? = 0
configure:6166: test -s conftest.o
configure:6169: $? = 0
configure:6179: result: yes
configure:6183: checking limits.h presence
configure:6193: gcc -E  -D_REENTRANT -D_GNU_SOURCE conftest.c
configure:6199: $? = 0
configure:6219: result: yes
configure:6254: checking for limits.h
configure:6261: result: yes
configure:6129: checking for unistd.h
configure:6134: result: yes
configure:6138: checking sys/socket.h usability
configure:6150: gcc -c  -g -O2 -pthread  -D_REENTRANT -D_GNU_SOURCE conftest.c >&5
configure:6156: $? = 0
configure:6160: test -z 
			 || test ! -s conftest.err
configure:6163: $? = 0
configure:6166: test -s conftest.o
configure:6169: $? = 0
configure:6179: result: yes
configure:6183: checking sys/socket.h presence
configure:6193: gcc -E  -D_REENTRANT -D_GNU_SOURCE conftest.c
configure:6199: $? = 0
configure:6219: result: yes
configure:6254: checking for sys/socket.h
configure:6261: result: yes
configure:6138: checking pwd.h usability
configure:6150: gcc -c  -g -O2 -pthread  -D_REENTRANT -D_GNU_SOURCE conftest.c >&5
configure:6156: $? = 0
configure:6160: test -z 
			 || test ! -s conftest.err
configure:6163: $? = 0
configure:6166: test -s conftest.o
configure:6169: $? = 0
configure:6179: result: yes
configure:6183: checking pwd.h presence
configure:6193: gcc -E  -D_REENTRANT -D_GNU_SOURCE conftest.c
configure:6199: $? = 0
configure:6219: result: yes
configure:6254: checking for pwd.h
configure:6261: result: yes
configure:6138: checking grp.h usability
configure:6150: gcc -c  -g -O2 -pthread  -D_REENTRANT -D_GNU_SOURCE conftest.c >&5
configure:6156: $? = 0
configure:6160: test -z 
			 || test ! -s conftest.err
configure:6163: $? = 0
configure:6166: test -s conftest.o
configure:6169: $? = 0
configure:6179: result: yes
configure:6183: checking grp.h presence
configure:6193: gcc -E  -D_REENTRANT -D_GNU_SOURCE conftest.c
configure:6199: $? = 0
configure:6219: result: yes
configure:6254: checking for grp.h
configure:6261: result: yes
configure:6129: checking for strings.h
configure:6134: result: yes
configure:6138: checking sys/prctl.h usability
configure:6150: gcc -c  -g -O2 -pthread  -D_REENTRANT -D_GNU_SOURCE conftest.c >&5
configure:6156: $? = 0
configure:6160: test -z 
			 || test ! -s conftest.err
configure:6163: $? = 0
configure:6166: test -s conftest.o
configure:6169: $? = 0
configure:6179: result: yes
configure:6183: checking sys/prctl.h presence
configure:6193: gcc -E  -D_REENTRANT -D_GNU_SOURCE conftest.c
configure:6199: $? = 0
configure:6219: result: yes
configure:6254: checking for sys/prctl.h
configure:6261: result: yes
configure:6138: checking sys/processor.h usability
configure:6150: gcc -c  -g -O2 -pthread  -D_REENTRANT -D_GNU_SOURCE conftest.c >&5
conftest.c:62:27: fatal error: sys/processor.h: No such file or directory
compilation terminated.
configure:6156: $? = 1
configure: failed program was:
| /* confdefs.h.  */
| 
| #define PACKAGE_NAME ""
| #define PACKAGE_TARNAME ""
| #define PACKAGE_VERSION ""
| #define PACKAGE_STRING ""
| #define PACKAGE_BUGREPORT ""
| #define STDC_HEADERS 1
| #define HAVE_SYS_TYPES_H 1
| #define HAVE_SYS_STAT_H 1
| #define HAVE_STDLIB_H 1
| #define HAVE_STRING_H 1
| #define HAVE_MEMORY_H 1
| #define HAVE_STRINGS_H 1
| #define HAVE_INTTYPES_H 1
| #define HAVE_STDINT_H 1
| #define HAVE_UNISTD_H 1
| #define STDC_HEADERS 1
| #define HAVE_STRING_H 1
| #define HAVE_LIMITS_H 1
| #define HAVE_UNISTD_H 1
| #define HAVE_SYS_SOCKET_H 1
| #define HAVE_PWD_H 1
| #define HAVE_GRP_H 1
| #define HAVE_STRINGS_H 1
| #define HAVE_SYS_PRCTL_H 1
| /* end confdefs.h.  */
| #include <stdio.h>
| #if HAVE_SYS_TYPES_H
| # include <sys/types.h>
| #endif
| #if HAVE_SYS_STAT_H
| # include <sys/stat.h>
| #endif
| #if STDC_HEADERS
| # include <stdlib.h>
| # include <stddef.h>
| #else
| # if HAVE_STDLIB_H
| #  include <stdlib.h>
| # endif
| #endif
| #if HAVE_STRING_H
| # if !STDC_HEADERS && HAVE_MEMORY_H
| #  include <memory.h>
| # endif
| # include <string.h>
| #endif
| #if HAVE_STRINGS_H
| # include <strings.h>
| #endif
| #if HAVE_INTTYPES_H
| # include <inttypes.h>
| #else
| # if HAVE_STDINT_H
| #  include <stdint.h>
| # endif
| #endif
| #if HAVE_UNISTD_H
| # include <unistd.h>
| #endif
| #include <sys/processor.h>
configure:6179: result: no
configure:6183: checking sys/processor.h presence
configure:6193: gcc -E  -D_REENTRANT -D_GNU_SOURCE conftest.c
conftest.c:28:27: fatal error: sys/processor.h: No such file or directory
compilation terminated.
configure:6199: $? = 1
configure: failed program was:
| /* confdefs.h.  */
| 
| #define PACKAGE_NAME ""
| #define PACKAGE_TARNAME ""
| #define PACKAGE_VERSION ""
| #define PACKAGE_STRING ""
| #define PACKAGE_BUGREPORT ""
| #define STDC_HEADERS 1
| #define HAVE_SYS_TYPES_H 1
| #define HAVE_SYS_STAT_H 1
| #define HAVE_STDLIB_H 1
| #define HAVE_STRING_H 1
| #define HAVE_MEMORY_H 1
| #define HAVE_STRINGS_H 1
| #define HAVE_INTTYPES_H 1
| #define HAVE_STDINT_H 1
| #define HAVE_UNISTD_H 1
| #define STDC_HEADERS 1
| #define HAVE_STRING_H 1
| #define HAVE_LIMITS_H 1
| #define HAVE_UNISTD_H 1
| #define HAVE_SYS_SOCKET_H 1
| #define HAVE_PWD_H 1
| #define HAVE_GRP_H 1
| #define HAVE_STRINGS_H 1
| #define HAVE_SYS_PRCTL_H 1
| /* end confdefs.h.  */
| #include <sys/processor.h>
configure:6219: result: no
configure:6254: checking for sys/processor.h
configure:6261: result: no
configure:6138: checking sys/sem.h usability
configure:6150: gcc -c  -g -O2 -pthread  -D_REENTRANT -D_GNU_SOURCE conftest.c >&5
configure:6156: $? = 0
configure:6160: test -z 
			 || test ! -s conftest.err
configure:6163: $? = 0
configure:6166: test -s conftest.o
configure:6169: $? = 0
configure:6179: result: yes
configure:6183: checking sys/sem.h presence
configure:6193: gcc -E  -D_REENTRANT -D_GNU_SOURCE conftest.c
configure:6199: $? = 0
configure:6219: result: yes
configure:6254: checking for sys/sem.h
configure:6261: result: yes
configure:6274: checking for sys/wait.h that is POSIX.1 compatible
configure:6305: gcc -c  -g -O2 -pthread  -D_REENTRANT -D_GNU_SOURCE conftest.c >&5
configure:6311: $? = 0
configure:6315: test -z 
			 || test ! -s conftest.err
configure:6318: $? = 0
configure:6321: test -s conftest.o
configure:6324: $? = 0
configure:6335: result: yes
configure:6347: checking for an ANSI C-conforming const
configure:6414: gcc -c  -g -O2 -pthread  -D_REENTRANT -D_GNU_SOURCE conftest.c >&5
configure:6420: $? = 0
configure:6424: test -z 
			 || test ! -s conftest.err
configure:6427: $? = 0
configure:6430: test -s conftest.o
configure:6433: $? = 0
configure:6444: result: yes
configure:6455: checking for library containing sqrt
configure:6485: gcc -o conftest  -g -O2 -pthread  -D_REENTRANT -D_GNU_SOURCE   -L/var/www/httpd-2.2.3/srclib/apr-util/xml/expat/lib conftest.c  >&5
conftest.c:37:6: warning: conflicting types for built-in function 'sqrt' [enabled by default]
/tmp/ccmLD8Hl.o: In function `main':
/var/www/httpd-2.2.3/conftest.c:41: undefined reference to `sqrt'
collect2: error: ld returned 1 exit status
configure:6491: $? = 1
configure: failed program was:
| /* confdefs.h.  */
| 
| #define PACKAGE_NAME ""
| #define PACKAGE_TARNAME ""
| #define PACKAGE_VERSION ""
| #define PACKAGE_STRING ""
| #define PACKAGE_BUGREPORT ""
| #define STDC_HEADERS 1
| #define HAVE_SYS_TYPES_H 1
| #define HAVE_SYS_STAT_H 1
| #define HAVE_STDLIB_H 1
| #define HAVE_STRING_H 1
| #define HAVE_MEMORY_H 1
| #define HAVE_STRINGS_H 1
| #define HAVE_INTTYPES_H 1
| #define HAVE_STDINT_H 1
| #define HAVE_UNISTD_H 1
| #define STDC_HEADERS 1
| #define HAVE_STRING_H 1
| #define HAVE_LIMITS_H 1
| #define HAVE_UNISTD_H 1
| #define HAVE_SYS_SOCKET_H 1
| #define HAVE_PWD_H 1
| #define HAVE_GRP_H 1
| #define HAVE_STRINGS_H 1
| #define HAVE_SYS_PRCTL_H 1
| #define HAVE_SYS_SEM_H 1
| #define HAVE_SYS_WAIT_H 1
| /* end confdefs.h.  */
| 
| /* Override any gcc2 internal prototype to avoid an error.  */
| #ifdef __cplusplus
| extern "C"
| #endif
| /* We use char because int might match the return type of a gcc2
|    builtin and then its argument prototype would still apply.  */
| char sqrt ();
| int
| main ()
| {
| sqrt ();
|   ;
|   return 0;
| }
configure:6540: gcc -o conftest  -g -O2 -pthread  -D_REENTRANT -D_GNU_SOURCE   -L/var/www/httpd-2.2.3/srclib/apr-util/xml/expat/lib conftest.c -lm   >&5
conftest.c:37:6: warning: conflicting types for built-in function 'sqrt' [enabled by default]
configure:6546: $? = 0
configure:6550: test -z 
			 || test ! -s conftest.err
configure:6553: $? = 0
configure:6556: test -s conftest
configure:6559: $? = 0
configure:6574: result: -lm
configure:6599: checking for getpwnam
configure:6656: gcc -o conftest  -g -O2 -pthread  -D_REENTRANT -D_GNU_SOURCE   -L/var/www/httpd-2.2.3/srclib/apr-util/xml/expat/lib conftest.c -lm  >&5
configure:6662: $? = 0
configure:6666: test -z 
			 || test ! -s conftest.err
configure:6669: $? = 0
configure:6672: test -s conftest
configure:6675: $? = 0
configure:6687: result: yes
configure:6599: checking for getgrnam
configure:6656: gcc -o conftest  -g -O2 -pthread  -D_REENTRANT -D_GNU_SOURCE   -L/var/www/httpd-2.2.3/srclib/apr-util/xml/expat/lib conftest.c -lm  >&5
configure:6662: $? = 0
configure:6666: test -z 
			 || test ! -s conftest.err
configure:6669: $? = 0
configure:6672: test -s conftest
configure:6675: $? = 0
configure:6687: result: yes
configure:6599: checking for initgroups
configure:6656: gcc -o conftest  -g -O2 -pthread  -D_REENTRANT -D_GNU_SOURCE   -L/var/www/httpd-2.2.3/srclib/apr-util/xml/expat/lib conftest.c -lm  >&5
configure:6662: $? = 0
configure:6666: test -z 
			 || test ! -s conftest.err
configure:6669: $? = 0
configure:6672: test -s conftest
configure:6675: $? = 0
configure:6687: result: yes
configure:6599: checking for bindprocessor
configure:6656: gcc -o conftest  -g -O2 -pthread  -D_REENTRANT -D_GNU_SOURCE   -L/var/www/httpd-2.2.3/srclib/apr-util/xml/expat/lib conftest.c -lm  >&5
/tmp/ccynFD3X.o:(.data+0x0): undefined reference to `bindprocessor'
/tmp/ccynFD3X.o: In function `main':
/var/www/httpd-2.2.3/conftest.c:73: undefined reference to `bindprocessor'
collect2: error: ld returned 1 exit status
configure:6662: $? = 1
configure: failed program was:
| /* confdefs.h.  */
| 
| #define PACKAGE_NAME ""
| #define PACKAGE_TARNAME ""
| #define PACKAGE_VERSION ""
| #define PACKAGE_STRING ""
| #define PACKAGE_BUGREPORT ""
| #define STDC_HEADERS 1
| #define HAVE_SYS_TYPES_H 1
| #define HAVE_SYS_STAT_H 1
| #define HAVE_STDLIB_H 1
| #define HAVE_STRING_H 1
| #define HAVE_MEMORY_H 1
| #define HAVE_STRINGS_H 1
| #define HAVE_INTTYPES_H 1
| #define HAVE_STDINT_H 1
| #define HAVE_UNISTD_H 1
| #define STDC_HEADERS 1
| #define HAVE_STRING_H 1
| #define HAVE_LIMITS_H 1
| #define HAVE_UNISTD_H 1
| #define HAVE_SYS_SOCKET_H 1
| #define HAVE_PWD_H 1
| #define HAVE_GRP_H 1
| #define HAVE_STRINGS_H 1
| #define HAVE_SYS_PRCTL_H 1
| #define HAVE_SYS_SEM_H 1
| #define HAVE_SYS_WAIT_H 1
| #define HAVE_GETPWNAM 1
| #define HAVE_GETGRNAM 1
| #define HAVE_INITGROUPS 1
| /* end confdefs.h.  */
| /* Define bindprocessor to an innocuous variant, in case <limits.h> declares bindprocessor.
|    For example, HP-UX 11i <limits.h> declares gettimeofday.  */
| #define bindprocessor innocuous_bindprocessor
| 
| /* System header to define __stub macros and hopefully few prototypes,
|     which can conflict with char bindprocessor (); below.
|     Prefer <limits.h> to <assert.h> if __STDC__ is defined, since
|     <limits.h> exists even on freestanding compilers.  */
| 
| #ifdef __STDC__
| # include <limits.h>
| #else
| # include <assert.h>
| #endif
| 
| #undef bindprocessor
| 
| /* Override any gcc2 internal prototype to avoid an error.  */
| #ifdef __cplusplus
| extern "C"
| {
| #endif
| /* We use char because int might match the return type of a gcc2
|    builtin and then its argument prototype would still apply.  */
| char bindprocessor ();
| /* The GNU C library defines this for functions which it implements
|     to always fail with ENOSYS.  Some functions are actually named
|     something starting with __ and the normal name is an alias.  */
| #if defined (__stub_bindprocessor) || defined (__stub___bindprocessor)
| choke me
| #else
| char (*f) () = bindprocessor;
| #endif
| #ifdef __cplusplus
| }
| #endif
| 
| int
| main ()
| {
| return f != bindprocessor;
|   ;
|   return 0;
| }
configure:6687: result: no
configure:6599: checking for prctl
configure:6656: gcc -o conftest  -g -O2 -pthread  -D_REENTRANT -D_GNU_SOURCE   -L/var/www/httpd-2.2.3/srclib/apr-util/xml/expat/lib conftest.c -lm  >&5
configure:6662: $? = 0
configure:6666: test -z 
			 || test ! -s conftest.err
configure:6669: $? = 0
configure:6672: test -s conftest
configure:6675: $? = 0
configure:6687: result: yes
configure:6599: checking for timegm
configure:6656: gcc -o conftest  -g -O2 -pthread  -D_REENTRANT -D_GNU_SOURCE   -L/var/www/httpd-2.2.3/srclib/apr-util/xml/expat/lib conftest.c -lm  >&5
configure:6662: $? = 0
configure:6666: test -z 
			 || test ! -s conftest.err
configure:6669: $? = 0
configure:6672: test -s conftest
configure:6675: $? = 0
configure:6687: result: yes
configure:6700: checking for void pointer length
configure:6721: gcc -o conftest  -g -O2 -pthread  -D_REENTRANT -D_GNU_SOURCE   -L/var/www/httpd-2.2.3/srclib/apr-util/xml/expat/lib conftest.c -lm  >&5
configure:6724: $? = 0
configure:6726: ./conftest
configure:6729: $? = 0
configure:6743: result: no
configure:6753: checking for tm_gmtoff in struct tm
configure:6775: gcc -c  -g -O2 -pthread  -D_REENTRANT -D_GNU_SOURCE conftest.c >&5
configure:6781: $? = 0
configure:6785: test -z 
			 || test ! -s conftest.err
configure:6788: $? = 0
configure:6791: test -s conftest.o
configure:6794: $? = 0
configure:6805: result: yes
configure:7057: checking whether to enable mod_authn_file
configure:7095: result: yes (default)
configure:7150: checking whether to enable mod_authn_dbm
configure:7188: result: no
configure:7243: checking whether to enable mod_authn_anon
configure:7281: result: no
configure:7336: checking whether to enable mod_authn_dbd
configure:7374: result: no
configure:7430: checking whether to enable mod_authn_default
configure:7468: result: yes (default)
configure:7524: checking whether to enable mod_authn_alias
configure:7562: result: no
configure:7618: checking whether to enable mod_authz_host
configure:7656: result: yes (default)
configure:7711: checking whether to enable mod_authz_groupfile
configure:7749: result: yes (default)
configure:7804: checking whether to enable mod_authz_user
configure:7842: result: yes (default)
configure:7897: checking whether to enable mod_authz_dbm
configure:7935: result: no
configure:7990: checking whether to enable mod_authz_owner
configure:8028: result: no
configure:8084: checking whether to enable mod_authnz_ldap
configure:8122: result: no
configure:8178: checking whether to enable mod_authz_default
configure:8216: result: yes (default)
configure:8273: checking whether to enable mod_auth_basic
configure:8311: result: yes (default)
configure:8366: checking whether to enable mod_auth_digest
configure:8449: result: no
configure:8530: checking whether to enable mod_isapi
configure:8568: result: no
configure:8649: checking whether to enable mod_file_cache
configure:8687: result: no
configure:8745: checking whether to enable mod_cache
configure:8783: result: no
configure:8838: checking whether to enable mod_disk_cache
configure:8876: result: no
configure:8931: checking whether to enable mod_mem_cache
configure:8969: result: no
configure:9049: checking whether to enable mod_dbd
configure:9087: result: no
configure:9167: checking whether to enable mod_bucketeer
configure:9205: result: no
configure:9260: checking whether to enable mod_dumpio
configure:9298: result: no
configure:9379: checking whether to enable mod_echo
configure:9417: result: no
configure:9497: checking whether to enable mod_example
configure:9535: result: no
configure:9590: checking whether to enable mod_case_filter
configure:9628: result: no
configure:9683: checking whether to enable mod_case_filter_in
configure:9721: result: no
configure:9802: checking whether to enable mod_ext_filter
configure:9840: result: no
configure:9895: checking whether to enable mod_include
configure:9933: result: yes (default)
configure:9988: checking whether to enable mod_filter
configure:10026: result: yes (default)
configure:10179: checking whether to enable mod_charset_lite
configure:10217: result: no
configure:10275: checking whether to enable mod_deflate
configure:10535: result: no
configure:10617: checking whether to enable mod_ldap
configure:10655: result: no
configure:10736: checking whether to enable mod_log_config
configure:10774: result: yes (default)
configure:10829: checking whether to enable mod_log_forensic
configure:10867: result: no
configure:10948: checking whether to enable mod_logio
configure:10986: result: no
configure:11067: checking whether to enable mod_env
configure:11105: result: yes (default)
configure:11160: checking whether to enable mod_mime_magic
configure:11198: result: no
configure:11253: checking whether to enable mod_cern_meta
configure:11291: result: no
configure:11346: checking whether to enable mod_expires
configure:11384: result: no
configure:11439: checking whether to enable mod_headers
configure:11477: result: no
configure:11532: checking whether to enable mod_ident
configure:11570: result: no
configure:11626: checking whether to enable mod_usertrack
configure:11930: result: no
configure:11986: checking whether to enable mod_unique_id
configure:12024: result: no
configure:12079: checking whether to enable mod_setenvif
configure:12117: result: yes (default)
configure:12172: checking whether to enable mod_version
configure:12210: result: no
configure:12299: checking whether to enable mod_proxy
configure:12337: result: no
configure:12411: checking whether to enable mod_proxy_connect
configure:12449: result: no
configure:12504: checking whether to enable mod_proxy_ftp
configure:12542: result: no
configure:12597: checking whether to enable mod_proxy_http
configure:12635: result: no
configure:12690: checking whether to enable mod_proxy_ajp
configure:12728: result: no
configure:12783: checking whether to enable mod_proxy_balancer
configure:12821: result: no
configure:12926: checking whether to enable mod_ssl
configure:14846: result: no
configure:14950: checking whether to enable mod_optional_hook_export
configure:14988: result: no
configure:15043: checking whether to enable mod_optional_hook_import
configure:15081: result: no
configure:15136: checking whether to enable mod_optional_fn_import
configure:15174: result: no
configure:15229: checking whether to enable mod_optional_fn_export
configure:15267: result: no
configure:15360: checking for target platform
configure:15385: result: unix
configure:15417: checking for rlim_t
configure:15443: gcc -c  -g -O2 -pthread  -D_REENTRANT -D_GNU_SOURCE conftest.c >&5
configure:15449: $? = 0
configure:15453: test -z 
			 || test ! -s conftest.err
configure:15456: $? = 0
configure:15459: test -s conftest.o
configure:15462: $? = 0
configure:15477: result: yes
configure:15505: checking sys/time.h usability
configure:15517: gcc -c  -g -O2 -pthread  -D_REENTRANT -D_GNU_SOURCE conftest.c >&5
configure:15523: $? = 0
configure:15527: test -z 
			 || test ! -s conftest.err
configure:15530: $? = 0
configure:15533: test -s conftest.o
configure:15536: $? = 0
configure:15546: result: yes
configure:15550: checking sys/time.h presence
configure:15560: gcc -E  -D_REENTRANT -D_GNU_SOURCE conftest.c
configure:15566: $? = 0
configure:15586: result: yes
configure:15621: checking for sys/time.h
configure:15628: result: yes
configure:15505: checking sys/resource.h usability
configure:15517: gcc -c  -g -O2 -pthread  -D_REENTRANT -D_GNU_SOURCE conftest.c >&5
configure:15523: $? = 0
configure:15527: test -z 
			 || test ! -s conftest.err
configure:15530: $? = 0
configure:15533: test -s conftest.o
configure:15536: $? = 0
configure:15546: result: yes
configure:15550: checking sys/resource.h presence
configure:15560: gcc -E  -D_REENTRANT -D_GNU_SOURCE conftest.c
configure:15566: $? = 0
configure:15586: result: yes
configure:15621: checking for sys/resource.h
configure:15628: result: yes
configure:15496: checking for sys/sem.h
configure:15501: result: yes
configure:15505: checking sys/ipc.h usability
configure:15517: gcc -c  -g -O2 -pthread  -D_REENTRANT -D_GNU_SOURCE conftest.c >&5
configure:15523: $? = 0
configure:15527: test -z 
			 || test ! -s conftest.err
configure:15530: $? = 0
configure:15533: test -s conftest.o
configure:15536: $? = 0
configure:15546: result: yes
configure:15550: checking sys/ipc.h presence
configure:15560: gcc -E  -D_REENTRANT -D_GNU_SOURCE conftest.c
configure:15566: $? = 0
configure:15586: result: yes
configure:15621: checking for sys/ipc.h
configure:15628: result: yes
configure:15647: checking for setsid
configure:15704: gcc -o conftest  -g -O2 -pthread  -D_REENTRANT -D_GNU_SOURCE   -L/var/www/httpd-2.2.3/srclib/apr-util/xml/expat/lib conftest.c -lm  >&5
configure:15710: $? = 0
configure:15714: test -z 
			 || test ! -s conftest.err
configure:15717: $? = 0
configure:15720: test -s conftest
configure:15723: $? = 0
configure:15735: result: yes
configure:15647: checking for killpg
configure:15704: gcc -o conftest  -g -O2 -pthread  -D_REENTRANT -D_GNU_SOURCE   -L/var/www/httpd-2.2.3/srclib/apr-util/xml/expat/lib conftest.c -lm  >&5
configure:15710: $? = 0
configure:15714: test -z 
			 || test ! -s conftest.err
configure:15717: $? = 0
configure:15720: test -s conftest
configure:15723: $? = 0
configure:15735: result: yes
configure:15764: checking bstring.h usability
configure:15776: gcc -c  -g -O2 -pthread  -D_REENTRANT -D_GNU_SOURCE conftest.c >&5
conftest.c:77:21: fatal error: bstring.h: No such file or directory
compilation terminated.
configure:15782: $? = 1
configure: failed program was:
| /* confdefs.h.  */
| 
| #define PACKAGE_NAME ""
| #define PACKAGE_TARNAME ""
| #define PACKAGE_VERSION ""
| #define PACKAGE_STRING ""
| #define PACKAGE_BUGREPORT ""
| #define STDC_HEADERS 1
| #define HAVE_SYS_TYPES_H 1
| #define HAVE_SYS_STAT_H 1
| #define HAVE_STDLIB_H 1
| #define HAVE_STRING_H 1
| #define HAVE_MEMORY_H 1
| #define HAVE_STRINGS_H 1
| #define HAVE_INTTYPES_H 1
| #define HAVE_STDINT_H 1
| #define HAVE_UNISTD_H 1
| #define STDC_HEADERS 1
| #define HAVE_STRING_H 1
| #define HAVE_LIMITS_H 1
| #define HAVE_UNISTD_H 1
| #define HAVE_SYS_SOCKET_H 1
| #define HAVE_PWD_H 1
| #define HAVE_GRP_H 1
| #define HAVE_STRINGS_H 1
| #define HAVE_SYS_PRCTL_H 1
| #define HAVE_SYS_SEM_H 1
| #define HAVE_SYS_WAIT_H 1
| #define HAVE_GETPWNAM 1
| #define HAVE_GETGRNAM 1
| #define HAVE_INITGROUPS 1
| #define HAVE_PRCTL 1
| #define HAVE_TIMEGM 1
| #define HAVE_GMTOFF 1
| #define AP_ENABLE_V4_MAPPED 1
| #define HAVE_SYS_TIME_H 1
| #define HAVE_SYS_RESOURCE_H 1
| #define HAVE_SYS_SEM_H 1
| #define HAVE_SYS_IPC_H 1
| #define HAVE_SETSID 1
| #define HAVE_KILLPG 1
| /* end confdefs.h.  */
| #include <stdio.h>
| #if HAVE_SYS_TYPES_H
| # include <sys/types.h>
| #endif
| #if HAVE_SYS_STAT_H
| # include <sys/stat.h>
| #endif
| #if STDC_HEADERS
| # include <stdlib.h>
| # include <stddef.h>
| #else
| # if HAVE_STDLIB_H
| #  include <stdlib.h>
| # endif
| #endif
| #if HAVE_STRING_H
| # if !STDC_HEADERS && HAVE_MEMORY_H
| #  include <memory.h>
| # endif
| # include <string.h>
| #endif
| #if HAVE_STRINGS_H
| # include <strings.h>
| #endif
| #if HAVE_INTTYPES_H
| # include <inttypes.h>
| #else
| # if HAVE_STDINT_H
| #  include <stdint.h>
| # endif
| #endif
| #if HAVE_UNISTD_H
| # include <unistd.h>
| #endif
| #include <bstring.h>
configure:15805: result: no
configure:15809: checking bstring.h presence
configure:15819: gcc -E  -D_REENTRANT -D_GNU_SOURCE conftest.c
conftest.c:43:21: fatal error: bstring.h: No such file or directory
compilation terminated.
configure:15825: $? = 1
configure: failed program was:
| /* confdefs.h.  */
| 
| #define PACKAGE_NAME ""
| #define PACKAGE_TARNAME ""
| #define PACKAGE_VERSION ""
| #define PACKAGE_STRING ""
| #define PACKAGE_BUGREPORT ""
| #define STDC_HEADERS 1
| #define HAVE_SYS_TYPES_H 1
| #define HAVE_SYS_STAT_H 1
| #define HAVE_STDLIB_H 1
| #define HAVE_STRING_H 1
| #define HAVE_MEMORY_H 1
| #define HAVE_STRINGS_H 1
| #define HAVE_INTTYPES_H 1
| #define HAVE_STDINT_H 1
| #define HAVE_UNISTD_H 1
| #define STDC_HEADERS 1
| #define HAVE_STRING_H 1
| #define HAVE_LIMITS_H 1
| #define HAVE_UNISTD_H 1
| #define HAVE_SYS_SOCKET_H 1
| #define HAVE_PWD_H 1
| #define HAVE_GRP_H 1
| #define HAVE_STRINGS_H 1
| #define HAVE_SYS_PRCTL_H 1
| #define HAVE_SYS_SEM_H 1
| #define HAVE_SYS_WAIT_H 1
| #define HAVE_GETPWNAM 1
| #define HAVE_GETGRNAM 1
| #define HAVE_INITGROUPS 1
| #define HAVE_PRCTL 1
| #define HAVE_TIMEGM 1
| #define HAVE_GMTOFF 1
| #define AP_ENABLE_V4_MAPPED 1
| #define HAVE_SYS_TIME_H 1
| #define HAVE_SYS_RESOURCE_H 1
| #define HAVE_SYS_SEM_H 1
| #define HAVE_SYS_IPC_H 1
| #define HAVE_SETSID 1
| #define HAVE_KILLPG 1
| /* end confdefs.h.  */
| #include <bstring.h>
configure:15845: result: no
configure:15880: checking for bstring.h
configure:15887: result: no
configure:15755: checking for unistd.h
configure:15760: result: yes
configure:15907: checking for syslog
configure:15964: gcc -o conftest  -g -O2 -pthread  -D_REENTRANT -D_GNU_SOURCE   -L/var/www/httpd-2.2.3/srclib/apr-util/xml/expat/lib conftest.c -lm  >&5
configure:15970: $? = 0
configure:15974: test -z 
			 || test ! -s conftest.err
configure:15977: $? = 0
configure:15980: test -s conftest
configure:15983: $? = 0
configure:15995: result: yes
configure:16020: checking sys/times.h usability
configure:16032: gcc -c  -g -O2 -pthread  -D_REENTRANT -D_GNU_SOURCE conftest.c >&5
configure:16038: $? = 0
configure:16042: test -z 
			 || test ! -s conftest.err
configure:16045: $? = 0
configure:16048: test -s conftest.o
configure:16051: $? = 0
configure:16061: result: yes
configure:16065: checking sys/times.h presence
configure:16075: gcc -E  -D_REENTRANT -D_GNU_SOURCE conftest.c
configure:16081: $? = 0
configure:16101: result: yes
configure:16136: checking for sys/times.h
configure:16143: result: yes
configure:16160: checking for times
configure:16217: gcc -o conftest  -g -O2 -pthread  -D_REENTRANT -D_GNU_SOURCE   -L/var/www/httpd-2.2.3/srclib/apr-util/xml/expat/lib conftest.c -lm  >&5
configure:16223: $? = 0
configure:16227: test -z 
			 || test ! -s conftest.err
configure:16230: $? = 0
configure:16233: test -s conftest
configure:16236: $? = 0
configure:16248: result: yes
configure:16259: checking which MPM to use
configure:16275: result: prefork
configure:16985: checking whether to enable mod_http
configure:17023: result: yes
configure:17078: checking whether to enable mod_mime
configure:17116: result: yes (default)
configure:17185: checking for extra modules
configure:17246: result: none
configure:17270: checking whether to enable mod_dav
configure:17308: result: no
configure:17416: checking whether to enable mod_status
configure:17454: result: yes (default)
configure:17509: checking whether to enable mod_autoindex
configure:17547: result: yes (default)
configure:17602: checking whether to enable mod_asis
configure:17640: result: yes (default)
configure:17695: checking whether to enable mod_info
configure:17733: result: no
configure:17788: checking whether to enable mod_suexec
configure:17840: result: no
configure:18089: checking whether to enable mod_cgi
configure:18127: result: yes (default)
configure:18182: checking whether to enable mod_cgid
configure:18220: result: no
configure:18625: checking whether to enable mod_dav_fs
configure:18663: result: no
configure:18753: checking whether to enable mod_dav_lock
configure:18791: result: no
configure:18872: checking whether to enable mod_vhost_alias
configure:18910: result: no
configure:18965: checking whether to enable mod_negotiation
configure:19003: result: yes (default)
configure:19058: checking whether to enable mod_dir
configure:19096: result: yes (default)
configure:19151: checking whether to enable mod_imagemap
configure:19189: result: no
configure:19244: checking whether to enable mod_actions
configure:19282: result: yes (default)
configure:19337: checking whether to enable mod_speling
configure:19375: result: no
configure:19430: checking whether to enable mod_userdir
configure:19468: result: yes (default)
configure:19523: checking whether to enable mod_alias
configure:19561: result: yes (default)
configure:19617: checking whether to enable mod_rewrite
configure:19655: result: no
configure:19806: checking whether to enable mod_so
configure:19844: result: yes
configure:20797: creating ./config.status

## ---------------------- ##
## Running config.status. ##
## ---------------------- ##

This file was extended by config.status, which was
generated by GNU Autoconf 2.59.  Invocation command line was

  CONFIG_FILES    = 
  CONFIG_HEADERS  = 
  CONFIG_LINKS    = 
  CONFIG_COMMANDS = 
  $ ./config.status 

on 0ebddb862f21

config.status:906: creating docs/conf/httpd.conf
config.status:906: creating docs/conf/extra/httpd-autoindex.conf
config.status:906: creating docs/conf/extra/httpd-dav.conf
config.status:906: creating docs/conf/extra/httpd-default.conf
config.status:906: creating docs/conf/extra/httpd-info.conf
config.status:906: creating docs/conf/extra/httpd-languages.conf
config.status:906: creating docs/conf/extra/httpd-manual.conf
config.status:906: creating docs/conf/extra/httpd-mpm.conf
config.status:906: creating docs/conf/extra/httpd-multilang-errordoc.conf
config.status:906: creating docs/conf/extra/httpd-ssl.conf
config.status:906: creating docs/conf/extra/httpd-userdir.conf
config.status:906: creating docs/conf/extra/httpd-vhosts.conf
config.status:906: creating include/ap_config_layout.h
config.status:906: creating support/apxs
config.status:906: creating support/apachectl
config.status:906: creating support/dbmmanage
config.status:906: creating support/envvars-std
config.status:906: creating support/log_server_status
config.status:906: creating support/logresolve.pl
config.status:906: creating support/phf_abuse_log.cgi
config.status:906: creating support/split-logfile
config.status:906: creating build/rules.mk
config.status:906: creating build/pkg/pkginfo
config.status:906: creating build/config_vars.sh
config.status:1009: creating include/ap_config_auto.h
config.status:1355: executing default commands

## ---------------- ##
## Cache variables. ##
## ---------------- ##

ac_cv_build=x86_64-unknown-linux-gnu
ac_cv_build_alias=x86_64-unknown-linux-gnu
ac_cv_c_compiler_gnu=yes
ac_cv_c_const=yes
ac_cv_define_APR_HAS_DSO=yes
ac_cv_define_APR_HAVE_IPV6=yes
ac_cv_env_CC_set=
ac_cv_env_CC_value=
ac_cv_env_CFLAGS_set=
ac_cv_env_CFLAGS_value=
ac_cv_env_CPPFLAGS_set=
ac_cv_env_CPPFLAGS_value=
ac_cv_env_CPP_set=
ac_cv_env_CPP_value=
ac_cv_env_LDFLAGS_set=
ac_cv_env_LDFLAGS_value=
ac_cv_env_build_alias_set=
ac_cv_env_build_alias_value=
ac_cv_env_host_alias_set=
ac_cv_env_host_alias_value=
ac_cv_env_target_alias_set=
ac_cv_env_target_alias_value=
ac_cv_exeext=
ac_cv_func_bindprocessor=no
ac_cv_func_getgrnam=yes
ac_cv_func_getpwnam=yes
ac_cv_func_initgroups=yes
ac_cv_func_killpg=yes
ac_cv_func_prctl=yes
ac_cv_func_setsid=yes
ac_cv_func_syslog=yes
ac_cv_func_timegm=yes
ac_cv_func_times=yes
ac_cv_header_bstring_h=no
ac_cv_header_grp_h=yes
ac_cv_header_inttypes_h=yes
ac_cv_header_limits_h=yes
ac_cv_header_memory_h=yes
ac_cv_header_minix_config_h=no
ac_cv_header_pwd_h=yes
ac_cv_header_stdc=yes
ac_cv_header_stdint_h=yes
ac_cv_header_stdlib_h=yes
ac_cv_header_string_h=yes
ac_cv_header_strings_h=yes
ac_cv_header_sys_ipc_h=yes
ac_cv_header_sys_prctl_h=yes
ac_cv_header_sys_processor_h=no
ac_cv_header_sys_resource_h=yes
ac_cv_header_sys_sem_h=yes
ac_cv_header_sys_socket_h=yes
ac_cv_header_sys_stat_h=yes
ac_cv_header_sys_time_h=yes
ac_cv_header_sys_times_h=yes
ac_cv_header_sys_types_h=yes
ac_cv_header_sys_wait_h=yes
ac_cv_header_unistd_h=yes
ac_cv_host=x86_64-unknown-linux-gnu
ac_cv_host_alias=x86_64-unknown-linux-gnu
ac_cv_mkdir_p=yes
ac_cv_objext=o
ac_cv_path_RM=/bin/rm
ac_cv_prog_AWK=mawk
ac_cv_prog_CPP='gcc -E'
ac_cv_prog_ac_ct_CC=gcc
ac_cv_prog_ac_ct_RANLIB=ranlib
ac_cv_prog_cc_g=yes
ac_cv_prog_cc_stdc=
ac_cv_prog_egrep='grep -E'
ac_cv_search_sqrt=-lm
ac_cv_search_strerror='none required'
ac_cv_struct_tm_gmtoff=yes
ac_cv_target=x86_64-unknown-linux-gnu
ac_cv_target_alias=x86_64-unknown-linux-gnu
ac_cv_type_rlim_t=yes
apache_cv_mpm=prefork

## ----------------- ##
## Output variables. ##
## ----------------- ##

APACHECTL_ULIMIT='ulimit -S -n `ulimit -H -n`'
APR_BINDIR='/usr/local/apache2/bin'
APR_CONFIG='/usr/local/apache2/bin/apr-1-config'
APR_INCLUDEDIR='/var/www/httpd-2.2.3/srclib/apr/include'
APR_VERSION='1.2.7'
APU_BINDIR='/usr/local/apache2/bin'
APU_CONFIG='/usr/local/apache2/bin/apu-1-config'
APU_INCLUDEDIR='/var/www/httpd-2.2.3/srclib/apr-util/include'
APU_VERSION='1.2.7'
AP_BUILD_SRCLIB_DIRS='apr  apr-util pcre'
AP_CLEAN_SRCLIB_DIRS='apr-util  apr pcre'
AP_LIBS='/var/www/httpd-2.2.3/srclib/pcre/libpcre.la  /var/www/httpd-2.2.3/srclib/apr-util/libaprutil-1.la /var/www/httpd-2.2.3/srclib/apr-util/xml/expat/lib/libexpat.la  /var/www/httpd-2.2.3/srclib/apr/libapr-1.la -lrt -lcrypt  -lpthread -ldl'
AWK='mawk'
BUILTIN_LIBS=' modules/aaa/libmod_authn_file.la modules/aaa/libmod_authn_default.la modules/aaa/libmod_authz_host.la modules/aaa/libmod_authz_groupfile.la modules/aaa/libmod_authz_user.la modules/aaa/libmod_authz_default.la modules/aaa/libmod_auth_basic.la modules/filters/libmod_include.la modules/filters/libmod_filter.la modules/loggers/libmod_log_config.la modules/metadata/libmod_env.la modules/metadata/libmod_setenvif.la modules/http/libmod_http.la modules/http/libmod_mime.la modules/generators/libmod_status.la modules/generators/libmod_autoindex.la modules/generators/libmod_asis.la modules/generators/libmod_cgi.la modules/mappers/libmod_negotiation.la modules/mappers/libmod_dir.la modules/mappers/libmod_actions.la modules/mappers/libmod_userdir.la modules/mappers/libmod_alias.la modules/mappers/libmod_so.la'
CC='gcc'
CFLAGS=''
CORE_IMPLIB=''
CORE_IMPLIB_FILE=''
CPP='gcc -E'
CPPFLAGS=''
CXX=''
CXXFLAGS=''
DEFS='-DHAVE_CONFIG_H'
DSO_MODULES=''
ECHO_C=''
ECHO_N='-n'
ECHO_T=''
EGREP='grep -E'
EXEEXT=''
EXTRA_CFLAGS=' -g -O2 -pthread'
EXTRA_CPPFLAGS=' -D_REENTRANT -D_GNU_SOURCE'
EXTRA_CXXFLAGS=''
EXTRA_INCLUDES='-I$(top_builddir)/srclib/pcre -I. -I$(top_srcdir)/os/$(OS_DIR) -I$(top_srcdir)/server/mpm/$(MPM_SUBDIR_NAME) -I$(top_srcdir)/modules/http -I$(top_srcdir)/modules/filters -I$(top_srcdir)/modules/proxy -I$(top_srcdir)/include -I$(top_srcdir)/modules/generators -I$(top_srcdir)/modules/mappers -I$(top_srcdir)/modules/database -I/var/www/httpd-2.2.3/srclib/apr/include -I/var/www/httpd-2.2.3/srclib/apr-util/include -I/var/www/httpd-2.2.3/srclib/apr-util/xml/expat/lib -I$(top_srcdir)/modules/proxy/../generators -I$(top_srcdir)/modules/ssl -I$(top_srcdir)/modules/dav/main'
EXTRA_LDFLAGS='  -L/var/www/httpd-2.2.3/srclib/apr-util/xml/expat/lib'
EXTRA_LIBS='-lm '
HTTPD_LDFLAGS='-export-dynamic'
HTTPD_VERSION='2.2.3'
INCLUDES=''
INSTALL='$(LIBTOOL) --mode=install $(abs_srcdir)/build/install.sh -c'
INSTALL_DSO='yes'
INSTALL_PROG_FLAGS=''
LDFLAGS=''
LIBOBJS=''
LIBS=''
LIBTOOL='/var/www/httpd-2.2.3/srclib/apr/libtool $(LTFLAGS)'
LN_S='ln -s'
LTCFLAGS='-prefer-non-pic -static'
LTFLAGS='--silent'
LTLIBOBJS=''
LT_LDFLAGS=''
LYNX_PATH='lynx'
MKDEP='$(CC) -MM'
MKINSTALLDIRS='$(abs_srcdir)/build/mkdir.sh'
MK_IMPLIB=''
MODULE_CLEANDIRS=' arch/win32 cache database debug echo experimental ldap proxy ssl test dav/main dav/fs dav/lock'
MODULE_DIRS=' aaa filters loggers metadata http generators mappers'
MOD_ACTIONS_LDADD=''
MOD_ALIAS_LDADD=''
MOD_ASIS_LDADD=''
MOD_AUTHNZ_LDAP_LDADD=''
MOD_AUTHN_ALIAS_LDADD=''
MOD_AUTHN_ANON_LDADD=''
MOD_AUTHN_DBD_LDADD=''
MOD_AUTHN_DBM_LDADD=''
MOD_AUTHN_DEFAULT_LDADD=''
MOD_AUTHN_FILE_LDADD=''
MOD_AUTHZ_DBM_LDADD=''
MOD_AUTHZ_DEFAULT_LDADD=''
MOD_AUTHZ_GROUPFILE_LDADD=''
MOD_AUTHZ_HOST_LDADD=''
MOD_AUTHZ_OWNER_LDADD=''
MOD_AUTHZ_USER_LDADD=''
MOD_AUTH_BASIC_LDADD=''
MOD_AUTH_DIGEST_LDADD=''
MOD_AUTOINDEX_LDADD=''
MOD_BUCKETEER_LDADD=''
MOD_CACHE_LDADD=''
MOD_CASE_FILTER_IN_LDADD=''
MOD_CASE_FILTER_LDADD=''
MOD_CERN_META_LDADD=''
MOD_CGID_LDADD=''
MOD_CGI_LDADD=''
MOD_CHARSET_LITE_LDADD=''
MOD_DAV_FS_LDADD=''
MOD_DAV_LDADD=''
MOD_DAV_LOCK_LDADD=''
MOD_DBD_LDADD=''
MOD_DEFLATE_LDADD=''
MOD_DIR_LDADD=''
MOD_DISK_CACHE_LDADD=''
MOD_DUMPIO_LDADD=''
MOD_ECHO_LDADD=''
MOD_ENV_LDADD=''
MOD_EXAMPLE_LDADD=''
MOD_EXPIRES_LDADD=''
MOD_EXT_FILTER_LDADD=''
MOD_FILE_CACHE_LDADD=''
MOD_FILTER_LDADD=''
MOD_HEADERS_LDADD=''
MOD_HTTP_LDADD=''
MOD_IDENT_LDADD=''
MOD_IMAGEMAP_LDADD=''
MOD_INCLUDE_LDADD=''
MOD_INFO_LDADD=''
MOD_ISAPI_LDADD=''
MOD_LDAP_LDADD=''
MOD_LOGIO_LDADD=''
MOD_LOG_CONFIG_LDADD=''
MOD_LOG_FORENSIC_LDADD=''
MOD_MEM_CACHE_LDADD=''
MOD_MIME_LDADD=''
MOD_MIME_MAGIC_LDADD=''
MOD_NEGOTIATION_LDADD=''
MOD_OPTIONAL_FN_EXPORT_LDADD=''
MOD_OPTIONAL_FN_IMPORT_LDADD=''
MOD_OPTIONAL_HOOK_EXPORT_LDADD=''
MOD_OPTIONAL_HOOK_IMPORT_LDADD=''
MOD_PROXY_AJP_LDADD=''
MOD_PROXY_BALANCER_LDADD=''
MOD_PROXY_CONNECT_LDADD=''
MOD_PROXY_FTP_LDADD=''
MOD_PROXY_HTTP_LDADD=''
MOD_PROXY_LDADD=''
MOD_REWRITE_LDADD=''
MOD_SETENVIF_LDADD=''
MOD_SO_LDADD=''
MOD_SPELING_LDADD=''
MOD_SSL_LDADD=''
MOD_STATUS_LDADD=''
MOD_SUEXEC_LDADD=''
MOD_UNIQUE_ID_LDADD=''
MOD_USERDIR_LDADD=''
MOD_USERTRACK_LDADD=''
MOD_VERSION_LDADD=''
MOD_VHOST_ALIAS_LDADD=''
MPM_LIB='server/mpm/prefork/libprefork.la'
MPM_NAME='prefork'
MPM_SUBDIR_NAME='prefork'
NOTEST_CFLAGS=''
NOTEST_CPPFLAGS=''
NOTEST_CXXFLAGS=''
NOTEST_LDFLAGS=''
NOTEST_LIBS=''
OBJEXT='o'
OS='unix'
OS_DIR='unix'
OS_SPECIFIC_VARS=''
PACKAGE_BUGREPORT=''
PACKAGE_NAME=''
PACKAGE_STRING=''
PACKAGE_TARNAME=''
PACKAGE_VERSION=''
PATH_SEPARATOR=':'
PCRE_CONFIG='false'
PICFLAGS=''
PILDFLAGS=''
PKGCONFIG=''
PORT='80'
POST_SHARED_CMDS='echo ""'
PRE_SHARED_CMDS='echo ""'
RANLIB='ranlib'
RM='/bin/rm'
RSYNC=''
SHELL='/bin/bash'
SHLIBPATH_VAR='LD_LIBRARY_PATH'
SHLTCFLAGS='-prefer-pic'
SH_LDFLAGS=''
SH_LIBS=''
SH_LIBTOOL='$(LIBTOOL)'
SSL_LIBS=''
UTIL_LDFLAGS=''
ab_LTFLAGS=''
abs_srcdir='/var/www/httpd-2.2.3'
ac_ct_CC='gcc'
ac_ct_RANLIB='ranlib'
ap_make_delimiter=' '
ap_make_include='include'
bindir='${exec_prefix}/bin'
build='x86_64-unknown-linux-gnu'
build_alias=''
build_cpu='x86_64'
build_os='linux-gnu'
build_vendor='unknown'
cgidir='${datadir}/cgi-bin'
checkgid_LTFLAGS=''
datadir='${prefix}'
errordir='${datadir}/error'
exec_prefix='${prefix}'
exp_bindir='/usr/local/apache2/bin'
exp_cgidir='/usr/local/apache2/cgi-bin'
exp_datadir='/usr/local/apache2'
exp_errordir='/usr/local/apache2/error'
exp_exec_prefix='/usr/local/apache2'
exp_htdocsdir='/usr/local/apache2/htdocs'
exp_iconsdir='/usr/local/apache2/icons'
exp_includedir='/usr/local/apache2/include'
exp_installbuilddir='/usr/local/apache2/build'
exp_libdir='/usr/local/apache2/lib'
exp_libexecdir='/usr/local/apache2/modules'
exp_localstatedir='/usr/local/apache2'
exp_logfiledir='/usr/local/apache2/logs'
exp_mandir='/usr/local/apache2/man'
exp_manualdir='/usr/local/apache2/manual'
exp_proxycachedir='/usr/local/apache2/proxy'
exp_runtimedir='/usr/local/apache2/logs'
exp_sbindir='/usr/local/apache2/bin'
exp_sysconfdir='/usr/local/apache2/conf'
host='x86_64-unknown-linux-gnu'
host_alias=''
host_cpu='x86_64'
host_os='linux-gnu'
host_vendor='unknown'
htdbm_LTFLAGS=''
htdigest_LTFLAGS=''
htdocsdir='${datadir}/htdocs'
htpasswd_LTFLAGS=''
iconsdir='${datadir}/icons'
includedir='${prefix}/include'
infodir='${prefix}/info'
installbuilddir='${datadir}/build'
libdir='${exec_prefix}/lib'
libexecdir='${exec_prefix}/modules'
localstatedir='${prefix}'
logfiledir='${localstatedir}/logs'
logresolve_LTFLAGS=''
mandir='${prefix}/man'
manualdir='${datadir}/manual'
nonssl_listen_stmt_1=''
nonssl_listen_stmt_2=''
oldincludedir='/usr/include'
other_targets=''
perlbin='/usr/bin/perl'
prefix='/usr/local/apache2'
progname='httpd'
program_transform_name='s,x,x,'
proxycachedir='${localstatedir}/proxy'
rel_bindir='bin'
rel_cgidir='cgi-bin'
rel_datadir=''
rel_errordir='error'
rel_exec_prefix=''
rel_htdocsdir='htdocs'
rel_iconsdir='icons'
rel_includedir='include'
rel_installbuilddir='build'
rel_libdir='lib'
rel_libexecdir='modules'
rel_localstatedir=''
rel_logfiledir='logs'
rel_mandir='man'
rel_manualdir='manual'
rel_proxycachedir='proxy'
rel_runtimedir='logs'
rel_sbindir='bin'
rel_sysconfdir='conf'
rotatelogs_LTFLAGS=''
runtimedir='${localstatedir}/logs'
sbindir='${exec_prefix}/bin'
shared_build=''
sharedstatedir='${prefix}/com'
sysconfdir='${prefix}/conf'
target='x86_64-unknown-linux-gnu'
target_alias=''
target_cpu='x86_64'
target_os='linux-gnu'
target_vendor='unknown'

## ----------- ##
## confdefs.h. ##
## ----------- ##

#define APACHE_MPM_DIR "server/mpm/prefork"
#define AP_ENABLE_V4_MAPPED 1
#define AP_NONBLOCK_WHEN_MULTI_LISTEN 1
#define AP_TYPES_CONFIG_FILE "conf/mime.types"
#define AP_USING_AUTOCONF 1
#define HAVE_GETGRNAM 1
#define HAVE_GETPWNAM 1
#define HAVE_GMTOFF 1
#define HAVE_GRP_H 1
#define HAVE_INITGROUPS 1
#define HAVE_INTTYPES_H 1
#define HAVE_KILLPG 1
#define HAVE_LIMITS_H 1
#define HAVE_MEMORY_H 1
#define HAVE_PRCTL 1
#define HAVE_PWD_H 1
#define HAVE_SETSID 1
#define HAVE_STDINT_H 1
#define HAVE_STDLIB_H 1
#define HAVE_STRINGS_H 1
#define HAVE_STRINGS_H 1
#define HAVE_STRING_H 1
#define HAVE_STRING_H 1
#define HAVE_SYSLOG 1
#define HAVE_SYS_IPC_H 1
#define HAVE_SYS_PRCTL_H 1
#define HAVE_SYS_RESOURCE_H 1
#define HAVE_SYS_SEM_H 1
#define HAVE_SYS_SEM_H 1
#define HAVE_SYS_SOCKET_H 1
#define HAVE_SYS_STAT_H 1
#define HAVE_SYS_TIMES_H 1
#define HAVE_SYS_TIME_H 1
#define HAVE_SYS_TYPES_H 1
#define HAVE_SYS_WAIT_H 1
#define HAVE_TIMEGM 1
#define HAVE_TIMES 1
#define HAVE_UNISTD_H 1
#define HAVE_UNISTD_H 1
#define HAVE_UNISTD_H 1
#define HTTPD_ROOT "/usr/local/apache2"
#define PACKAGE_BUGREPORT ""
#define PACKAGE_NAME ""
#define PACKAGE_STRING ""
#define PACKAGE_TARNAME ""
#define PACKAGE_VERSION ""
#define SERVER_CONFIG_FILE "conf/httpd.conf"
#define STDC_HEADERS 1
#define STDC_HEADERS 1

configure: exit 0
