This file contains any messages produced by compilers while
running configure, to aid debugging if configure makes a mistake.

It was created by configure, which was
generated by GNU Autoconf 2.59.  Invocation command line was

  $ /var/www/httpd-2.2.3/srclib/apr-util/configure --enable-so --cache-file=/dev/null --srcdir=/var/www/httpd-2.2.3/srclib/apr-util --with-apr=../apr --prefix=/usr/local/apache2 --exec-prefix=/usr/local/apache2 --libdir=${prefix}/lib --includedir=/usr/local/apache2/include --bindir=${prefix}/bin

## --------- ##
## Platform. ##
## --------- ##

hostname = 0ebddb862f21
uname -m = x86_64
uname -r = 4.15.0-66-generic
uname -s = Linux
uname -v = #75-Ubuntu SMP Tue Oct 1 05:24:09 UTC 2019

/usr/bin/uname -p = unknown
/bin/uname -X     = unknown

/bin/arch              = unknown
/usr/bin/arch -k       = unknown
/usr/convex/getsysinfo = unknown
hostinfo               = unknown
/bin/machine           = unknown
/usr/bin/oslevel       = unknown
/bin/universe          = unknown

PATH: /usr/local/sbin
PATH: /usr/local/bin
PATH: /usr/sbin
PATH: /usr/bin
PATH: /sbin
PATH: /bin


## ----------- ##
## Core tests. ##
## ----------- ##

configure:1612: checking build system type
configure:1630: result: x86_64-unknown-linux-gnu
configure:1638: checking host system type
configure:1652: result: x86_64-unknown-linux-gnu
configure:1660: checking target system type
configure:1674: result: x86_64-unknown-linux-gnu
configure:1702: checking for a BSD-compatible install
configure:1757: result: /usr/bin/install -c
configure:1775: checking for working mkdir -p
configure:1791: result: yes
configure:1882: checking for chosen layout
configure:1884: result: apr-util
configure:2106: checking for APR
configure:2188: result: yes
configure:2444: checking for gcc
configure:2470: result: gcc
configure:2714: checking for C compiler version
configure:2717: gcc --version </dev/null >&5
gcc (Debian 4.7.2-5) 4.7.2
Copyright (C) 2012 Free Software Foundation, Inc.
This is free software; see the source for copying conditions.  There is NO
warranty; not even for MERCHANTABILITY or FITNESS FOR A PARTICULAR PURPOSE.

configure:2720: $? = 0
configure:2722: gcc -v </dev/null >&5
Using built-in specs.
COLLECT_GCC=gcc
COLLECT_LTO_WRAPPER=/usr/lib/gcc/x86_64-linux-gnu/4.7/lto-wrapper
Target: x86_64-linux-gnu
Configured with: ../src/configure -v --with-pkgversion='Debian 4.7.2-5' --with-bugurl=file:///usr/share/doc/gcc-4.7/README.Bugs --enable-languages=c,c++,go,fortran,objc,obj-c++ --prefix=/usr --program-suffix=-4.7 --enable-shared --enable-linker-build-id --with-system-zlib --libexecdir=/usr/lib --without-included-gettext --enable-threads=posix --with-gxx-include-dir=/usr/include/c++/4.7 --libdir=/usr/lib --enable-nls --with-sysroot=/ --enable-clocale=gnu --enable-libstdcxx-debug --enable-libstdcxx-time=yes --enable-gnu-unique-object --enable-plugin --enable-objc-gc --with-arch-32=i586 --with-tune=generic --enable-checking=release --build=x86_64-linux-gnu --host=x86_64-linux-gnu --target=x86_64-linux-gnu
Thread model: posix
gcc version 4.7.2 (Debian 4.7.2-5) 
configure:2725: $? = 0
configure:2727: gcc -V </dev/null >&5
gcc: error: unrecognized command line option '-V'
gcc: fatal error: no input files
compilation terminated.
configure:2730: $? = 4
configure:2753: checking for C compiler default output file name
configure:2756: gcc  -g -O2 -pthread  -D_REENTRANT -D_GNU_SOURCE  conftest.c  >&5
configure:2759: $? = 0
configure:2805: result: a.out
configure:2810: checking whether the C compiler works
configure:2816: ./a.out
configure:2819: $? = 0
configure:2836: result: yes
configure:2843: checking whether we are cross compiling
configure:2845: result: no
configure:2848: checking for suffix of executables
configure:2850: gcc -o conftest  -g -O2 -pthread  -D_REENTRANT -D_GNU_SOURCE  conftest.c  >&5
configure:2853: $? = 0
configure:2878: result: 
configure:2884: checking for suffix of object files
configure:2905: gcc -c  -g -O2 -pthread  -D_REENTRANT -D_GNU_SOURCE conftest.c >&5
configure:2908: $? = 0
configure:2930: result: o
configure:2934: checking whether we are using the GNU C compiler
configure:2958: gcc -c  -g -O2 -pthread  -D_REENTRANT -D_GNU_SOURCE conftest.c >&5
configure:2964: $? = 0
configure:2968: test -z 
			 || test ! -s conftest.err
configure:2971: $? = 0
configure:2974: test -s conftest.o
configure:2977: $? = 0
configure:2990: result: yes
configure:2996: checking whether gcc accepts -g
configure:3017: gcc -c -g  -D_REENTRANT -D_GNU_SOURCE conftest.c >&5
configure:3023: $? = 0
configure:3027: test -z 
			 || test ! -s conftest.err
configure:3030: $? = 0
configure:3033: test -s conftest.o
configure:3036: $? = 0
configure:3047: result: yes
configure:3064: checking for gcc option to accept ANSI C
configure:3134: gcc  -c  -g -O2 -pthread  -D_REENTRANT -D_GNU_SOURCE conftest.c >&5
configure:3140: $? = 0
configure:3144: test -z 
			 || test ! -s conftest.err
configure:3147: $? = 0
configure:3150: test -s conftest.o
configure:3153: $? = 0
configure:3171: result: none needed
configure:3189: gcc -c  -g -O2 -pthread  -D_REENTRANT -D_GNU_SOURCE conftest.c >&5
conftest.c:2:3: error: unknown type name 'choke'
conftest.c:2:3: error: expected '=', ',', ';', 'asm' or '__attribute__' at end of input
configure:3195: $? = 1
configure: failed program was:
| #ifndef __cplusplus
|   choke me
| #endif
configure:3334: checking how to run the C preprocessor
configure:3452: result: gcc -E
configure:3476: gcc -E  -D_REENTRANT -D_GNU_SOURCE conftest.c
configure:3482: $? = 0
configure:3514: gcc -E  -D_REENTRANT -D_GNU_SOURCE conftest.c
conftest.c:9:28: fatal error: ac_nonexistent.h: No such file or directory
compilation terminated.
configure:3520: $? = 1
configure: failed program was:
| /* confdefs.h.  */
| 
| #define PACKAGE_NAME ""
| #define PACKAGE_TARNAME ""
| #define PACKAGE_VERSION ""
| #define PACKAGE_STRING ""
| #define PACKAGE_BUGREPORT ""
| /* end confdefs.h.  */
| #include <ac_nonexistent.h>
configure:3564: checking for egrep
configure:3574: result: grep -E
configure:3579: checking for ANSI C header files
configure:3604: gcc -c  -g -O2 -pthread  -D_REENTRANT -D_GNU_SOURCE conftest.c >&5
configure:3610: $? = 0
configure:3614: test -z 
			 || test ! -s conftest.err
configure:3617: $? = 0
configure:3620: test -s conftest.o
configure:3623: $? = 0
configure:3712: gcc -o conftest  -g -O2 -pthread  -D_REENTRANT -D_GNU_SOURCE  conftest.c  >&5
conftest.c: In function 'main':
conftest.c:26:7: warning: incompatible implicit declaration of built-in function 'exit' [enabled by default]
configure:3715: $? = 0
configure:3717: ./conftest
configure:3720: $? = 0
configure:3735: result: yes
configure:3759: checking for sys/types.h
configure:3775: gcc -c  -g -O2 -pthread  -D_REENTRANT -D_GNU_SOURCE conftest.c >&5
configure:3781: $? = 0
configure:3785: test -z 
			 || test ! -s conftest.err
configure:3788: $? = 0
configure:3791: test -s conftest.o
configure:3794: $? = 0
configure:3805: result: yes
configure:3759: checking for sys/stat.h
configure:3775: gcc -c  -g -O2 -pthread  -D_REENTRANT -D_GNU_SOURCE conftest.c >&5
configure:3781: $? = 0
configure:3785: test -z 
			 || test ! -s conftest.err
configure:3788: $? = 0
configure:3791: test -s conftest.o
configure:3794: $? = 0
configure:3805: result: yes
configure:3759: checking for stdlib.h
configure:3775: gcc -c  -g -O2 -pthread  -D_REENTRANT -D_GNU_SOURCE conftest.c >&5
configure:3781: $? = 0
configure:3785: test -z 
			 || test ! -s conftest.err
configure:3788: $? = 0
configure:3791: test -s conftest.o
configure:3794: $? = 0
configure:3805: result: yes
configure:3759: checking for string.h
configure:3775: gcc -c  -g -O2 -pthread  -D_REENTRANT -D_GNU_SOURCE conftest.c >&5
configure:3781: $? = 0
configure:3785: test -z 
			 || test ! -s conftest.err
configure:3788: $? = 0
configure:3791: test -s conftest.o
configure:3794: $? = 0
configure:3805: result: yes
configure:3759: checking for memory.h
configure:3775: gcc -c  -g -O2 -pthread  -D_REENTRANT -D_GNU_SOURCE conftest.c >&5
configure:3781: $? = 0
configure:3785: test -z 
			 || test ! -s conftest.err
configure:3788: $? = 0
configure:3791: test -s conftest.o
configure:3794: $? = 0
configure:3805: result: yes
configure:3759: checking for strings.h
configure:3775: gcc -c  -g -O2 -pthread  -D_REENTRANT -D_GNU_SOURCE conftest.c >&5
configure:3781: $? = 0
configure:3785: test -z 
			 || test ! -s conftest.err
configure:3788: $? = 0
configure:3791: test -s conftest.o
configure:3794: $? = 0
configure:3805: result: yes
configure:3759: checking for inttypes.h
configure:3775: gcc -c  -g -O2 -pthread  -D_REENTRANT -D_GNU_SOURCE conftest.c >&5
configure:3781: $? = 0
configure:3785: test -z 
			 || test ! -s conftest.err
configure:3788: $? = 0
configure:3791: test -s conftest.o
configure:3794: $? = 0
configure:3805: result: yes
configure:3759: checking for stdint.h
configure:3775: gcc -c  -g -O2 -pthread  -D_REENTRANT -D_GNU_SOURCE conftest.c >&5
configure:3781: $? = 0
configure:3785: test -z 
			 || test ! -s conftest.err
configure:3788: $? = 0
configure:3791: test -s conftest.o
configure:3794: $? = 0
configure:3805: result: yes
configure:3759: checking for unistd.h
configure:3775: gcc -c  -g -O2 -pthread  -D_REENTRANT -D_GNU_SOURCE conftest.c >&5
configure:3781: $? = 0
configure:3785: test -z 
			 || test ! -s conftest.err
configure:3788: $? = 0
configure:3791: test -s conftest.o
configure:3794: $? = 0
configure:3805: result: yes
configure:31089: checking for default DBM
configure:31091: result: sdbm (default)
configure:32269: checking libpq-fe.h usability
configure:32281: gcc -c  -g -O2 -pthread  -D_REENTRANT -D_GNU_SOURCE conftest.c >&5
conftest.c:53:22: fatal error: libpq-fe.h: No such file or directory
compilation terminated.
configure:32287: $? = 1
configure: failed program was:
| /* confdefs.h.  */
| 
| #define PACKAGE_NAME ""
| #define PACKAGE_TARNAME ""
| #define PACKAGE_VERSION ""
| #define PACKAGE_STRING ""
| #define PACKAGE_BUGREPORT ""
| #define STDC_HEADERS 1
| #define HAVE_SYS_TYPES_H 1
| #define HAVE_SYS_STAT_H 1
| #define HAVE_STDLIB_H 1
| #define HAVE_STRING_H 1
| #define HAVE_MEMORY_H 1
| #define HAVE_STRINGS_H 1
| #define HAVE_INTTYPES_H 1
| #define HAVE_STDINT_H 1
| #define HAVE_UNISTD_H 1
| /* end confdefs.h.  */
| #include <stdio.h>
| #if HAVE_SYS_TYPES_H
| # include <sys/types.h>
| #endif
| #if HAVE_SYS_STAT_H
| # include <sys/stat.h>
| #endif
| #if STDC_HEADERS
| # include <stdlib.h>
| # include <stddef.h>
| #else
| # if HAVE_STDLIB_H
| #  include <stdlib.h>
| # endif
| #endif
| #if HAVE_STRING_H
| # if !STDC_HEADERS && HAVE_MEMORY_H
| #  include <memory.h>
| # endif
| # include <string.h>
| #endif
| #if HAVE_STRINGS_H
| # include <strings.h>
| #endif
| #if HAVE_INTTYPES_H
| # include <inttypes.h>
| #else
| # if HAVE_STDINT_H
| #  include <stdint.h>
| # endif
| #endif
| #if HAVE_UNISTD_H
| # include <unistd.h>
| #endif
| #include <libpq-fe.h>
configure:32310: result: no
configure:32314: checking libpq-fe.h presence
configure:32324: gcc -E  -D_REENTRANT -D_GNU_SOURCE conftest.c
conftest.c:19:22: fatal error: libpq-fe.h: No such file or directory
compilation terminated.
configure:32330: $? = 1
configure: failed program was:
| /* confdefs.h.  */
| 
| #define PACKAGE_NAME ""
| #define PACKAGE_TARNAME ""
| #define PACKAGE_VERSION ""
| #define PACKAGE_STRING ""
| #define PACKAGE_BUGREPORT ""
| #define STDC_HEADERS 1
| #define HAVE_SYS_TYPES_H 1
| #define HAVE_SYS_STAT_H 1
| #define HAVE_STDLIB_H 1
| #define HAVE_STRING_H 1
| #define HAVE_MEMORY_H 1
| #define HAVE_STRINGS_H 1
| #define HAVE_INTTYPES_H 1
| #define HAVE_STDINT_H 1
| #define HAVE_UNISTD_H 1
| /* end confdefs.h.  */
| #include <libpq-fe.h>
configure:32350: result: no
configure:32385: checking for libpq-fe.h
configure:32392: result: no
configure:33501: checking mysql.h usability
configure:33513: gcc -c  -g -O2 -pthread  -D_REENTRANT -D_GNU_SOURCE conftest.c >&5
conftest.c:53:19: fatal error: mysql.h: No such file or directory
compilation terminated.
configure:33519: $? = 1
configure: failed program was:
| /* confdefs.h.  */
| 
| #define PACKAGE_NAME ""
| #define PACKAGE_TARNAME ""
| #define PACKAGE_VERSION ""
| #define PACKAGE_STRING ""
| #define PACKAGE_BUGREPORT ""
| #define STDC_HEADERS 1
| #define HAVE_SYS_TYPES_H 1
| #define HAVE_SYS_STAT_H 1
| #define HAVE_STDLIB_H 1
| #define HAVE_STRING_H 1
| #define HAVE_MEMORY_H 1
| #define HAVE_STRINGS_H 1
| #define HAVE_INTTYPES_H 1
| #define HAVE_STDINT_H 1
| #define HAVE_UNISTD_H 1
| /* end confdefs.h.  */
| #include <stdio.h>
| #if HAVE_SYS_TYPES_H
| # include <sys/types.h>
| #endif
| #if HAVE_SYS_STAT_H
| # include <sys/stat.h>
| #endif
| #if STDC_HEADERS
| # include <stdlib.h>
| # include <stddef.h>
| #else
| # if HAVE_STDLIB_H
| #  include <stdlib.h>
| # endif
| #endif
| #if HAVE_STRING_H
| # if !STDC_HEADERS && HAVE_MEMORY_H
| #  include <memory.h>
| # endif
| # include <string.h>
| #endif
| #if HAVE_STRINGS_H
| # include <strings.h>
| #endif
| #if HAVE_INTTYPES_H
| # include <inttypes.h>
| #else
| # if HAVE_STDINT_H
| #  include <stdint.h>
| # endif
| #endif
| #if HAVE_UNISTD_H
| # include <unistd.h>
| #endif
| #include <mysql.h>
configure:33542: result: no
configure:33546: checking mysql.h presence
configure:33556: gcc -E  -D_REENTRANT -D_GNU_SOURCE conftest.c
conftest.c:19:19: fatal error: mysql.h: No such file or directory
compilation terminated.
configure:33562: $? = 1
configure: failed program was:
| /* confdefs.h.  */
| 
| #define PACKAGE_NAME ""
| #define PACKAGE_TARNAME ""
| #define PACKAGE_VERSION ""
| #define PACKAGE_STRING ""
| #define PACKAGE_BUGREPORT ""
| #define STDC_HEADERS 1
| #define HAVE_SYS_TYPES_H 1
| #define HAVE_SYS_STAT_H 1
| #define HAVE_STDLIB_H 1
| #define HAVE_STRING_H 1
| #define HAVE_MEMORY_H 1
| #define HAVE_STRINGS_H 1
| #define HAVE_INTTYPES_H 1
| #define HAVE_STDINT_H 1
| #define HAVE_UNISTD_H 1
| /* end confdefs.h.  */
| #include <mysql.h>
configure:33582: result: no
configure:33617: checking for mysql.h
configure:33624: result: no
configure:34245: checking sqlite3.h usability
configure:34257: gcc -c  -g -O2 -pthread  -D_REENTRANT -D_GNU_SOURCE conftest.c >&5
conftest.c:53:21: fatal error: sqlite3.h: No such file or directory
compilation terminated.
configure:34263: $? = 1
configure: failed program was:
| /* confdefs.h.  */
| 
| #define PACKAGE_NAME ""
| #define PACKAGE_TARNAME ""
| #define PACKAGE_VERSION ""
| #define PACKAGE_STRING ""
| #define PACKAGE_BUGREPORT ""
| #define STDC_HEADERS 1
| #define HAVE_SYS_TYPES_H 1
| #define HAVE_SYS_STAT_H 1
| #define HAVE_STDLIB_H 1
| #define HAVE_STRING_H 1
| #define HAVE_MEMORY_H 1
| #define HAVE_STRINGS_H 1
| #define HAVE_INTTYPES_H 1
| #define HAVE_STDINT_H 1
| #define HAVE_UNISTD_H 1
| /* end confdefs.h.  */
| #include <stdio.h>
| #if HAVE_SYS_TYPES_H
| # include <sys/types.h>
| #endif
| #if HAVE_SYS_STAT_H
| # include <sys/stat.h>
| #endif
| #if STDC_HEADERS
| # include <stdlib.h>
| # include <stddef.h>
| #else
| # if HAVE_STDLIB_H
| #  include <stdlib.h>
| # endif
| #endif
| #if HAVE_STRING_H
| # if !STDC_HEADERS && HAVE_MEMORY_H
| #  include <memory.h>
| # endif
| # include <string.h>
| #endif
| #if HAVE_STRINGS_H
| # include <strings.h>
| #endif
| #if HAVE_INTTYPES_H
| # include <inttypes.h>
| #else
| # if HAVE_STDINT_H
| #  include <stdint.h>
| # endif
| #endif
| #if HAVE_UNISTD_H
| # include <unistd.h>
| #endif
| #include <sqlite3.h>
configure:34286: result: no
configure:34290: checking sqlite3.h presence
configure:34300: gcc -E  -D_REENTRANT -D_GNU_SOURCE conftest.c
conftest.c:19:21: fatal error: sqlite3.h: No such file or directory
compilation terminated.
configure:34306: $? = 1
configure: failed program was:
| /* confdefs.h.  */
| 
| #define PACKAGE_NAME ""
| #define PACKAGE_TARNAME ""
| #define PACKAGE_VERSION ""
| #define PACKAGE_STRING ""
| #define PACKAGE_BUGREPORT ""
| #define STDC_HEADERS 1
| #define HAVE_SYS_TYPES_H 1
| #define HAVE_SYS_STAT_H 1
| #define HAVE_STDLIB_H 1
| #define HAVE_STRING_H 1
| #define HAVE_MEMORY_H 1
| #define HAVE_STRINGS_H 1
| #define HAVE_INTTYPES_H 1
| #define HAVE_STDINT_H 1
| #define HAVE_UNISTD_H 1
| /* end confdefs.h.  */
| #include <sqlite3.h>
configure:34326: result: no
configure:34361: checking for sqlite3.h
configure:34368: result: no
configure:34989: checking sqlite.h usability
configure:35001: gcc -c  -g -O2 -pthread  -D_REENTRANT -D_GNU_SOURCE conftest.c >&5
conftest.c:53:20: fatal error: sqlite.h: No such file or directory
compilation terminated.
configure:35007: $? = 1
configure: failed program was:
| /* confdefs.h.  */
| 
| #define PACKAGE_NAME ""
| #define PACKAGE_TARNAME ""
| #define PACKAGE_VERSION ""
| #define PACKAGE_STRING ""
| #define PACKAGE_BUGREPORT ""
| #define STDC_HEADERS 1
| #define HAVE_SYS_TYPES_H 1
| #define HAVE_SYS_STAT_H 1
| #define HAVE_STDLIB_H 1
| #define HAVE_STRING_H 1
| #define HAVE_MEMORY_H 1
| #define HAVE_STRINGS_H 1
| #define HAVE_INTTYPES_H 1
| #define HAVE_STDINT_H 1
| #define HAVE_UNISTD_H 1
| /* end confdefs.h.  */
| #include <stdio.h>
| #if HAVE_SYS_TYPES_H
| # include <sys/types.h>
| #endif
| #if HAVE_SYS_STAT_H
| # include <sys/stat.h>
| #endif
| #if STDC_HEADERS
| # include <stdlib.h>
| # include <stddef.h>
| #else
| # if HAVE_STDLIB_H
| #  include <stdlib.h>
| # endif
| #endif
| #if HAVE_STRING_H
| # if !STDC_HEADERS && HAVE_MEMORY_H
| #  include <memory.h>
| # endif
| # include <string.h>
| #endif
| #if HAVE_STRINGS_H
| # include <strings.h>
| #endif
| #if HAVE_INTTYPES_H
| # include <inttypes.h>
| #else
| # if HAVE_STDINT_H
| #  include <stdint.h>
| # endif
| #endif
| #if HAVE_UNISTD_H
| # include <unistd.h>
| #endif
| #include <sqlite.h>
configure:35030: result: no
configure:35034: checking sqlite.h presence
configure:35044: gcc -E  -D_REENTRANT -D_GNU_SOURCE conftest.c
conftest.c:19:20: fatal error: sqlite.h: No such file or directory
compilation terminated.
configure:35050: $? = 1
configure: failed program was:
| /* confdefs.h.  */
| 
| #define PACKAGE_NAME ""
| #define PACKAGE_TARNAME ""
| #define PACKAGE_VERSION ""
| #define PACKAGE_STRING ""
| #define PACKAGE_BUGREPORT ""
| #define STDC_HEADERS 1
| #define HAVE_SYS_TYPES_H 1
| #define HAVE_SYS_STAT_H 1
| #define HAVE_STDLIB_H 1
| #define HAVE_STRING_H 1
| #define HAVE_MEMORY_H 1
| #define HAVE_STRINGS_H 1
| #define HAVE_INTTYPES_H 1
| #define HAVE_STDINT_H 1
| #define HAVE_UNISTD_H 1
| /* end confdefs.h.  */
| #include <sqlite.h>
configure:35070: result: no
configure:35105: checking for sqlite.h
configure:35112: result: no
configure:35416: checking for Expat in /usr
configure:35483: result: no
configure:35416: checking for Expat in /usr/local
configure:35483: result: no
configure:35416: checking for Expat in xml/expat-cvs
configure:35483: result: no
configure:35416: checking for Expat in xml/expat
configure:35480: result: yes
configure:35981: checking iconv.h usability
configure:35993: gcc -c  -g -O2 -pthread  -D_REENTRANT -D_GNU_SOURCE conftest.c >&5
configure:35999: $? = 0
configure:36003: test -z 
			 || test ! -s conftest.err
configure:36006: $? = 0
configure:36009: test -s conftest.o
configure:36012: $? = 0
configure:36022: result: yes
configure:36026: checking iconv.h presence
configure:36036: gcc -E  -D_REENTRANT -D_GNU_SOURCE conftest.c
configure:36042: $? = 0
configure:36062: result: yes
configure:36097: checking for iconv.h
configure:36104: result: yes
configure:36133: gcc -o conftest  -g -O2 -pthread  -D_REENTRANT -D_GNU_SOURCE  conftest.c  >&5
configure:36139: $? = 0
configure:36143: test -z 
			 || test ! -s conftest.err
configure:36146: $? = 0
configure:36149: test -s conftest
configure:36152: $? = 0
configure:36409: checking for type of inbuf parameter to iconv
configure:36431: gcc -c  -g -O2 -pthread  -Werror  -D_REENTRANT -D_GNU_SOURCE conftest.c >&5
configure:36437: $? = 0
configure:36441: test -z 
			 || test ! -s conftest.err
configure:36444: $? = 0
configure:36447: test -s conftest.o
configure:36450: $? = 0
configure:36473: result: char **
configure:36485: checking for iconv.h
configure:36490: result: yes
configure:36494: checking langinfo.h usability
configure:36506: gcc -c  -g -O2 -pthread  -D_REENTRANT -D_GNU_SOURCE conftest.c >&5
configure:36512: $? = 0
configure:36516: test -z 
			 || test ! -s conftest.err
configure:36519: $? = 0
configure:36522: test -s conftest.o
configure:36525: $? = 0
configure:36535: result: yes
configure:36539: checking langinfo.h presence
configure:36549: gcc -E  -D_REENTRANT -D_GNU_SOURCE conftest.c
configure:36555: $? = 0
configure:36575: result: yes
configure:36610: checking for langinfo.h
configure:36617: result: yes
configure:36646: checking for nl_langinfo
configure:36703: gcc -o conftest  -g -O2 -pthread  -D_REENTRANT -D_GNU_SOURCE  conftest.c  >&5
configure:36709: $? = 0
configure:36713: test -z 
			 || test ! -s conftest.err
configure:36716: $? = 0
configure:36719: test -s conftest
configure:36722: $? = 0
configure:36734: result: yes
configure:36755: checking for CODESET in langinfo.h
configure:36784: result: yes
configure:36799: checking for library containing crypt
configure:36829: gcc -o conftest  -g -O2 -pthread  -D_REENTRANT -D_GNU_SOURCE  conftest.c  >&5
/tmp/ccaDD34q.o: In function `main':
/var/www/httpd-2.2.3/srclib/apr-util/conftest.c:34: undefined reference to `crypt'
collect2: error: ld returned 1 exit status
configure:36835: $? = 1
configure: failed program was:
| /* confdefs.h.  */
| 
| #define PACKAGE_NAME ""
| #define PACKAGE_TARNAME ""
| #define PACKAGE_VERSION ""
| #define PACKAGE_STRING ""
| #define PACKAGE_BUGREPORT ""
| #define STDC_HEADERS 1
| #define HAVE_SYS_TYPES_H 1
| #define HAVE_SYS_STAT_H 1
| #define HAVE_STDLIB_H 1
| #define HAVE_STRING_H 1
| #define HAVE_MEMORY_H 1
| #define HAVE_STRINGS_H 1
| #define HAVE_INTTYPES_H 1
| #define HAVE_STDINT_H 1
| #define HAVE_UNISTD_H 1
| #define HAVE_ICONV_H 1
| #define HAVE_LANGINFO_H 1
| #define HAVE_NL_LANGINFO 1
| #define HAVE_CODESET 1
| /* end confdefs.h.  */
| 
| /* Override any gcc2 internal prototype to avoid an error.  */
| #ifdef __cplusplus
| extern "C"
| #endif
| /* We use char because int might match the return type of a gcc2
|    builtin and then its argument prototype would still apply.  */
| char crypt ();
| int
| main ()
| {
| crypt ();
|   ;
|   return 0;
| }
configure:36884: gcc -o conftest  -g -O2 -pthread  -D_REENTRANT -D_GNU_SOURCE  conftest.c -lcrypt   >&5
configure:36890: $? = 0
configure:36894: test -z 
			 || test ! -s conftest.err
configure:36897: $? = 0
configure:36900: test -s conftest
configure:36903: $? = 0
configure:36918: result: -lcrypt
configure:36925: checking if system crypt() function is threadsafe
configure:36937: result: no
configure:36944: checking for crypt_r
configure:37001: gcc -o conftest  -g -O2 -pthread  -D_REENTRANT -D_GNU_SOURCE  conftest.c -lcrypt  >&5
configure:37007: $? = 0
configure:37011: test -z 
			 || test ! -s conftest.err
configure:37014: $? = 0
configure:37017: test -s conftest
configure:37020: $? = 0
configure:37032: result: yes
configure:37047: checking style of crypt_r
configure:37069: gcc -c  -g -O2 -pthread  -D_REENTRANT -D_GNU_SOURCE conftest.c >&5
conftest.c: In function 'main':
conftest.c:28:1: error: unknown type name 'CRYPTD'
conftest.c:29:3: warning: passing argument 3 of 'crypt_r' from incompatible pointer type [enabled by default]
In file included from conftest.c:24:0:
/usr/include/crypt.h:60:14: note: expected 'struct crypt_data * __restrict__' but argument is of type 'int *'
configure:37075: $? = 1
configure: failed program was:
| /* confdefs.h.  */
| 
| #define PACKAGE_NAME ""
| #define PACKAGE_TARNAME ""
| #define PACKAGE_VERSION ""
| #define PACKAGE_STRING ""
| #define PACKAGE_BUGREPORT ""
| #define STDC_HEADERS 1
| #define HAVE_SYS_TYPES_H 1
| #define HAVE_SYS_STAT_H 1
| #define HAVE_STDLIB_H 1
| #define HAVE_STRING_H 1
| #define HAVE_MEMORY_H 1
| #define HAVE_STRINGS_H 1
| #define HAVE_INTTYPES_H 1
| #define HAVE_STDINT_H 1
| #define HAVE_UNISTD_H 1
| #define HAVE_ICONV_H 1
| #define HAVE_LANGINFO_H 1
| #define HAVE_NL_LANGINFO 1
| #define HAVE_CODESET 1
| #define HAVE_CRYPT_R 1
| /* end confdefs.h.  */
| #include <crypt.h>
| int
| main ()
| {
| CRYPTD buffer;
|   crypt_r("passwd", "hash", &buffer);
|   ;
|   return 0;
| }
configure:37112: gcc -c  -g -O2 -pthread  -D_REENTRANT -D_GNU_SOURCE conftest.c >&5
configure:37118: $? = 0
configure:37122: test -z 
			 || test ! -s conftest.err
configure:37125: $? = 0
configure:37128: test -s conftest.o
configure:37131: $? = 0
configure:37144: result: struct_crypt_data
configure:37334: creating ./config.status

## ---------------------- ##
## Running config.status. ##
## ---------------------- ##

This file was extended by config.status, which was
generated by GNU Autoconf 2.59.  Invocation command line was

  CONFIG_FILES    = 
  CONFIG_HEADERS  = 
  CONFIG_LINKS    = 
  CONFIG_COMMANDS = 
  $ ./config.status 

on 0ebddb862f21

config.status:741: creating Makefile
config.status:741: creating export_vars.sh
config.status:741: creating build/pkg/pkginfo
config.status:741: creating apr-util.pc
config.status:741: creating apu-1-config
config.status:741: creating include/private/apu_select_dbm.h
config.status:741: creating include/apr_ldap.h
config.status:741: creating include/apu.h
config.status:741: creating include/apu_want.h
config.status:741: creating test/Makefile
config.status:838: creating include/private/apu_config.h
config.status:1110: executing default commands

## ---------------- ##
## Cache variables. ##
## ---------------- ##

ac_cv_build=x86_64-unknown-linux-gnu
ac_cv_build_alias=x86_64-unknown-linux-gnu
ac_cv_c_compiler_gnu=yes
ac_cv_define_CODESET=yes
ac_cv_env_CC_set=
ac_cv_env_CC_value=
ac_cv_env_CFLAGS_set=
ac_cv_env_CFLAGS_value=
ac_cv_env_CPPFLAGS_set=
ac_cv_env_CPPFLAGS_value=
ac_cv_env_CPP_set=
ac_cv_env_CPP_value=
ac_cv_env_LDFLAGS_set=
ac_cv_env_LDFLAGS_value=
ac_cv_env_build_alias_set=
ac_cv_env_build_alias_value=
ac_cv_env_host_alias_set=
ac_cv_env_host_alias_value=
ac_cv_env_target_alias_set=
ac_cv_env_target_alias_value=
ac_cv_exeext=
ac_cv_func_crypt_r=yes
ac_cv_func_nl_langinfo=yes
ac_cv_header_iconv_h=yes
ac_cv_header_inttypes_h=yes
ac_cv_header_langinfo_h=yes
ac_cv_header_libpq_fe_h=no
ac_cv_header_memory_h=yes
ac_cv_header_mysql_h=no
ac_cv_header_sqlite3_h=no
ac_cv_header_sqlite_h=no
ac_cv_header_stdc=yes
ac_cv_header_stdint_h=yes
ac_cv_header_stdlib_h=yes
ac_cv_header_string_h=yes
ac_cv_header_strings_h=yes
ac_cv_header_sys_stat_h=yes
ac_cv_header_sys_types_h=yes
ac_cv_header_unistd_h=yes
ac_cv_host=x86_64-unknown-linux-gnu
ac_cv_host_alias=x86_64-unknown-linux-gnu
ac_cv_mkdir_p=yes
ac_cv_objext=o
ac_cv_path_install='/usr/bin/install -c'
ac_cv_prog_CPP='gcc -E'
ac_cv_prog_ac_ct_CC=gcc
ac_cv_prog_cc_g=yes
ac_cv_prog_cc_stdc=
ac_cv_prog_egrep='grep -E'
ac_cv_search_crypt=-lcrypt
ac_cv_target=x86_64-unknown-linux-gnu
ac_cv_target_alias=x86_64-unknown-linux-gnu
apr_cv_crypt_r_style=struct_crypt_data

## ----------------- ##
## Output variables. ##
## ----------------- ##

APRUTIL_DOTTED_VERSION='1.2.7'
APRUTIL_EXPORT_LIBS='/var/www/httpd-2.2.3/srclib/apr-util/xml/expat/lib/libexpat.la'
APRUTIL_INCLUDES='-I/var/www/httpd-2.2.3/srclib/apr-util/xml/expat/lib'
APRUTIL_LDFLAGS='-L/var/www/httpd-2.2.3/srclib/apr-util/xml/expat/lib'
APRUTIL_LIBNAME='aprutil-${APRUTIL_MAJOR_VERSION}'
APRUTIL_LIBS='/var/www/httpd-2.2.3/srclib/apr-util/xml/expat/lib/libexpat.la /var/www/httpd-2.2.3/srclib/apr/libapr-1.la -lrt -lcrypt -lpthread -ldl'
APRUTIL_MAJOR_VERSION='1'
APRUTIL_PRIV_INCLUDES='-I/var/www/httpd-2.2.3/srclib/apr-util/include -I/var/www/httpd-2.2.3/srclib/apr-util/include/private'
APR_BUILD_DIR='/var/www/httpd-2.2.3/srclib/apr/build'
APR_ICONV_DIR=''
APR_INCLUDES=' -I/var/www/httpd-2.2.3/srclib/apr/include '
APR_LIBS=' /var/www/httpd-2.2.3/srclib/apr/libapr-1.la -lrt -lcrypt  -lpthread -ldl'
APR_XML_DIR='xml/expat'
APR_XML_EXPAT_OLD=''
APR_XML_SUBDIRS='expat'
APU_CONFIG_LOCATION='source'
CC='gcc'
CFLAGS=' -g -O2 -pthread'
CPP='gcc -E'
CPPFLAGS=' -D_REENTRANT -D_GNU_SOURCE'
DEFS='-DHAVE_CONFIG_H'
ECHO_C=''
ECHO_N='-n'
ECHO_T=''
EGREP='grep -E'
EXEEXT=''
INCLUDE_OUTPUTS='include /var/www/httpd-2.2.3/srclib/apr-util/build-outputs.mk'
INCLUDE_RULES='include /var/www/httpd-2.2.3/srclib/apr-util/build/rules.mk'
INSTALL_DATA='${INSTALL} -m 644'
INSTALL_PROGRAM='${INSTALL}'
INSTALL_SCRIPT='${INSTALL}'
LDFLAGS=''
LIBOBJS=''
LIBS='-lcrypt '
LTLIBOBJS=''
OBJEXT='o'
PACKAGE_BUGREPORT=''
PACKAGE_NAME=''
PACKAGE_STRING=''
PACKAGE_TARNAME=''
PACKAGE_VERSION=''
PATH_SEPARATOR=':'
SHELL='/bin/bash'
abs_builddir='/var/www/httpd-2.2.3/srclib/apr-util'
abs_srcdir='/var/www/httpd-2.2.3/srclib/apr-util'
ac_ct_CC='gcc'
apu_db_header='db.h'
apu_db_version='0'
apu_has_ldap='0'
apu_has_ldap_microsoft='0'
apu_has_ldap_mozilla='0'
apu_has_ldap_netscape='0'
apu_has_ldap_novell='0'
apu_has_ldap_openldap='0'
apu_has_ldap_other='0'
apu_has_ldap_solaris='0'
apu_has_ldap_sslinit='0'
apu_has_ldap_start_tls_s='0'
apu_has_ldapssl_add_trusted_cert='0'
apu_has_ldapssl_client_deinit='0'
apu_has_ldapssl_client_init='0'
apu_has_ldapssl_init='0'
apu_has_ldapssl_install_routines='0'
apu_have_db='0'
apu_have_gdbm='0'
apu_have_mysql='0'
apu_have_ndbm='0'
apu_have_pgsql='0'
apu_have_sdbm='1'
apu_have_sqlite2='0'
apu_have_sqlite3='0'
apu_use_db='0'
apu_use_gdbm='0'
apu_use_ndbm='0'
apu_use_sdbm='1'
bindir='${prefix}/bin'
build='x86_64-unknown-linux-gnu'
build_alias=''
build_cpu='x86_64'
build_os='linux-gnu'
build_vendor='unknown'
datadir='${prefix}'
exec_prefix='/usr/local/apache2'
have_apr_iconv='0'
have_iconv='1'
host='x86_64-unknown-linux-gnu'
host_alias=''
host_cpu='x86_64'
host_os='linux-gnu'
host_vendor='unknown'
includedir='/usr/local/apache2/include'
infodir='${prefix}/info'
lber_h=''
ldap_h=''
ldap_ssl_h=''
lib_target='-rpath $(libdir) $(OBJECTS)'
libdir='${prefix}/lib'
libexecdir='${exec_prefix}/modules'
localstatedir='${prefix}'
mandir='${prefix}/man'
oldincludedir='/usr/include'
prefix='/usr/local/apache2'
program_transform_name='s,x,x,'
sbindir='${exec_prefix}/bin'
sharedstatedir='${prefix}/com'
so_ext='lo'
sysconfdir='${prefix}/conf'
target='x86_64-unknown-linux-gnu'
target_alias=''
target_cpu='x86_64'
target_os='linux-gnu'
target_vendor='unknown'
top_builddir='/var/www/httpd-2.2.3/srclib/apr-util'

## ----------- ##
## confdefs.h. ##
## ----------- ##

#define CRYPT_R_STRUCT_CRYPT_DATA 1
#define HAVE_CODESET 1
#define HAVE_CRYPT_R 1
#define HAVE_ICONV_H 1
#define HAVE_INTTYPES_H 1
#define HAVE_LANGINFO_H 1
#define HAVE_MEMORY_H 1
#define HAVE_NL_LANGINFO 1
#define HAVE_STDINT_H 1
#define HAVE_STDLIB_H 1
#define HAVE_STRINGS_H 1
#define HAVE_STRING_H 1
#define HAVE_SYS_STAT_H 1
#define HAVE_SYS_TYPES_H 1
#define HAVE_UNISTD_H 1
#define PACKAGE_BUGREPORT ""
#define PACKAGE_NAME ""
#define PACKAGE_STRING ""
#define PACKAGE_TARNAME ""
#define PACKAGE_VERSION ""
#define STDC_HEADERS 1

configure: exit 0
